<?xml version="1.0" encoding="UTF-8"?><testsuite failures="27" name="cucumber.runtime.formatter.JUnitFormatter" skipped="0" tests="35" time="1140.587672">
<testcase classname="Account reports" name="To open daily cash status report" time="44.250803">
<failure message="org.openqa.selenium.NoSuchElementException: Cannot locate element with text: Cash&#10;For documentation on this error, please visit: http://seleniumhq.org/exceptions/no_such_element.html&#10;Build info: version: '3.3.1', revision: '5234b325d5', time: '2017-03-10 09:10:29 +0000'&#10;System info: host: 'DELL-PC', ip: '192.168.10.49', os.name: 'Windows 7', os.arch: 'amd64', os.version: '6.1', java.version: '1.8.0_121'&#10;Driver info: driver.version: unknown&#13;&#10;&#9;at org.openqa.selenium.support.ui.Select.selectByVisibleText(Select.java:151)&#13;&#10;&#9;at pageObjects.DailyCashStatus.selectCashAccount(DailyCashStatus.java:48)&#13;&#10;&#9;at stepDef.MyStepDefs.select_cash_account_on_daily_cash_status_page(MyStepDefs.java:123)&#13;&#10;&#9;at ✽.And select cash account &quot;Cash&quot; on daily cash status page(feature/Reports.feature:18)&#13;&#10;"><![CDATA[Given user enter "http://qaerp.franciscanecare.net".........................passed
When user enter username "admin" and password "Admin#franciscan"............passed
And passes school name "qaerp"..............................................passed
And click signin............................................................passed
Then account home page is opened............................................passed
When user opens daily cash status page......................................passed
And select from date as month "May" year "2017" and day "1" on daily cash status page.passed
And select to date as month "May" year "2017" and day "30" on daily cash status page.passed
And select cash account "Cash" on daily cash status page....................failed
Then click show to open daily cash status report............................skipped

StackTrace:
org.openqa.selenium.NoSuchElementException: Cannot locate element with text: Cash
For documentation on this error, please visit: http://seleniumhq.org/exceptions/no_such_element.html
Build info: version: '3.3.1', revision: '5234b325d5', time: '2017-03-10 09:10:29 +0000'
System info: host: 'DELL-PC', ip: '192.168.10.49', os.name: 'Windows 7', os.arch: 'amd64', os.version: '6.1', java.version: '1.8.0_121'
Driver info: driver.version: unknown
	at org.openqa.selenium.support.ui.Select.selectByVisibleText(Select.java:151)
	at pageObjects.DailyCashStatus.selectCashAccount(DailyCashStatus.java:48)
	at stepDef.MyStepDefs.select_cash_account_on_daily_cash_status_page(MyStepDefs.java:123)
	at ✽.And select cash account "Cash" on daily cash status page(feature/Reports.feature:18)
]]></failure>
</testcase>
<testcase classname="Account reports" name="To open daily cash status report when consolidated report is selected" time="30.275328">
<failure message="org.openqa.selenium.NoSuchElementException: Cannot locate element with text: Cash&#10;For documentation on this error, please visit: http://seleniumhq.org/exceptions/no_such_element.html&#10;Build info: version: '3.3.1', revision: '5234b325d5', time: '2017-03-10 09:10:29 +0000'&#10;System info: host: 'DELL-PC', ip: '192.168.10.49', os.name: 'Windows 7', os.arch: 'amd64', os.version: '6.1', java.version: '1.8.0_121'&#10;Driver info: driver.version: unknown&#13;&#10;&#9;at org.openqa.selenium.support.ui.Select.selectByVisibleText(Select.java:151)&#13;&#10;&#9;at pageObjects.DailyCashStatus.selectCashAccount(DailyCashStatus.java:48)&#13;&#10;&#9;at stepDef.MyStepDefs.select_cash_account_on_daily_cash_status_page(MyStepDefs.java:123)&#13;&#10;&#9;at ✽.And select cash account &quot;Cash&quot; on daily cash status page(feature/Reports.feature:30)&#13;&#10;"><![CDATA[Given user enter "http://qaerp.franciscanecare.net".........................passed
When user enter username "admin" and password "Admin#franciscan"............passed
And passes school name "qaerp"..............................................passed
And click signin............................................................passed
Then account home page is opened............................................passed
When user opens daily cash status page......................................passed
And select from date as month "May" year "2017" and day "1" on daily cash status page.passed
And select to date as month "May" year "2017" and day "30" on daily cash status page.passed
And select cash account "Cash" on daily cash status page....................failed
And click consolidated report check box on daily cash status page...........skipped
Then click show to open daily cash status report............................skipped

StackTrace:
org.openqa.selenium.NoSuchElementException: Cannot locate element with text: Cash
For documentation on this error, please visit: http://seleniumhq.org/exceptions/no_such_element.html
Build info: version: '3.3.1', revision: '5234b325d5', time: '2017-03-10 09:10:29 +0000'
System info: host: 'DELL-PC', ip: '192.168.10.49', os.name: 'Windows 7', os.arch: 'amd64', os.version: '6.1', java.version: '1.8.0_121'
Driver info: driver.version: unknown
	at org.openqa.selenium.support.ui.Select.selectByVisibleText(Select.java:151)
	at pageObjects.DailyCashStatus.selectCashAccount(DailyCashStatus.java:48)
	at stepDef.MyStepDefs.select_cash_account_on_daily_cash_status_page(MyStepDefs.java:123)
	at ✽.And select cash account "Cash" on daily cash status page(feature/Reports.feature:30)
]]></failure>
</testcase>
<testcase classname="Account reports" name="To open bank ledger" time="44.075318">
<failure message="org.openqa.selenium.NoSuchElementException: Cannot locate element with text: Axis Bank ltd&#10;For documentation on this error, please visit: http://seleniumhq.org/exceptions/no_such_element.html&#10;Build info: version: '3.3.1', revision: '5234b325d5', time: '2017-03-10 09:10:29 +0000'&#10;System info: host: 'DELL-PC', ip: '192.168.10.49', os.name: 'Windows 7', os.arch: 'amd64', os.version: '6.1', java.version: '1.8.0_121'&#10;Driver info: driver.version: unknown&#13;&#10;&#9;at org.openqa.selenium.support.ui.Select.selectByVisibleText(Select.java:151)&#13;&#10;&#9;at pageObjects.BankLedger.selectBankAccount(BankLedger.java:47)&#13;&#10;&#9;at stepDef.MyStepDefs.select_bank_account_on_bank_ledger_page(MyStepDefs.java:160)&#13;&#10;&#9;at ✽.And select bank account &quot;Axis Bank ltd&quot; on bank ledger page(feature/Reports.feature:44)&#13;&#10;"><![CDATA[Given user enter "http://qaerp.franciscanecare.net".........................passed
When user enter username "admin" and password "Admin#franciscan"............passed
And passes school name "qaerp"..............................................passed
And click signin............................................................passed
Then account home page is opened............................................passed
When user opens bank ledger page............................................passed
And select from date as month "May" year "2017" and day "1" on bank ledger page.passed
And select to date as month "May" year "2017" and day "30" on bank ledger page.passed
And select bank account "Axis Bank ltd" on bank ledger page.................failed
Then click show to open bank ledger report..................................skipped

StackTrace:
org.openqa.selenium.NoSuchElementException: Cannot locate element with text: Axis Bank ltd
For documentation on this error, please visit: http://seleniumhq.org/exceptions/no_such_element.html
Build info: version: '3.3.1', revision: '5234b325d5', time: '2017-03-10 09:10:29 +0000'
System info: host: 'DELL-PC', ip: '192.168.10.49', os.name: 'Windows 7', os.arch: 'amd64', os.version: '6.1', java.version: '1.8.0_121'
Driver info: driver.version: unknown
	at org.openqa.selenium.support.ui.Select.selectByVisibleText(Select.java:151)
	at pageObjects.BankLedger.selectBankAccount(BankLedger.java:47)
	at stepDef.MyStepDefs.select_bank_account_on_bank_ledger_page(MyStepDefs.java:160)
	at ✽.And select bank account "Axis Bank ltd" on bank ledger page(feature/Reports.feature:44)
]]></failure>
</testcase>
<testcase classname="Account reports" name="To open ledger report" time="49.634989">
<failure message="org.openqa.selenium.NoSuchElementException: Cannot locate element with text: Cash In Hand&#10;For documentation on this error, please visit: http://seleniumhq.org/exceptions/no_such_element.html&#10;Build info: version: '3.3.1', revision: '5234b325d5', time: '2017-03-10 09:10:29 +0000'&#10;System info: host: 'DELL-PC', ip: '192.168.10.49', os.name: 'Windows 7', os.arch: 'amd64', os.version: '6.1', java.version: '1.8.0_121'&#10;Driver info: driver.version: unknown&#13;&#10;&#9;at org.openqa.selenium.support.ui.Select.selectByVisibleText(Select.java:151)&#13;&#10;&#9;at pageObjects.LedgerReport.selectPartyAccount(LedgerReport.java:47)&#13;&#10;&#9;at stepDef.MyStepDefs.select_party_account_on_ledger_report_page(MyStepDefs.java:191)&#13;&#10;&#9;at ✽.And select party account &quot;Cash In Hand&quot; on ledger report page(feature/Reports.feature:57)&#13;&#10;"><![CDATA[Given user enter "http://qaerp.franciscanecare.net".........................passed
When user enter username "admin" and password "Admin#franciscan"............passed
And passes school name "qaerp"..............................................passed
And click signin............................................................passed
Then account home page is opened............................................passed
When user opens ledger report page..........................................passed
And select from date as month "May" year "2017" and day "1" on ledger report page.passed
And select to date as month "May" year "2017" and day "30" on ledger report page.passed
And select party account "Cash In Hand" on ledger report page...............failed
Then click show to open ledger report.......................................skipped

StackTrace:
org.openqa.selenium.NoSuchElementException: Cannot locate element with text: Cash In Hand
For documentation on this error, please visit: http://seleniumhq.org/exceptions/no_such_element.html
Build info: version: '3.3.1', revision: '5234b325d5', time: '2017-03-10 09:10:29 +0000'
System info: host: 'DELL-PC', ip: '192.168.10.49', os.name: 'Windows 7', os.arch: 'amd64', os.version: '6.1', java.version: '1.8.0_121'
Driver info: driver.version: unknown
	at org.openqa.selenium.support.ui.Select.selectByVisibleText(Select.java:151)
	at pageObjects.LedgerReport.selectPartyAccount(LedgerReport.java:47)
	at stepDef.MyStepDefs.select_party_account_on_ledger_report_page(MyStepDefs.java:191)
	at ✽.And select party account "Cash In Hand" on ledger report page(feature/Reports.feature:57)
]]></failure>
</testcase>
<testcase classname="Account reports" name="To open depreciation chart" time="29.39525">
<system-out><![CDATA[Given user enter "http://qaerp.franciscanecare.net".........................passed
When user enter username "admin" and password "Admin#franciscan"............passed
And passes school name "qaerp"..............................................passed
And click signin............................................................passed
Then account home page is opened............................................passed
When user opens depreciation chart page.....................................passed
Then click show to open depreciation chart..................................passed
]]></system-out>
</testcase>
<testcase classname="Account reports" name="To open day book" time="37.615059">
<system-out><![CDATA[Given user enter "http://qaerp.franciscanecare.net".........................passed
When user enter username "admin" and password "Admin#franciscan"............passed
And passes school name "qaerp"..............................................passed
And click signin............................................................passed
Then account home page is opened............................................passed
When user opens day book page...............................................passed
And select from date as month "May" year "2017" and day "1" on day book page.passed
And select to date as month "May" year "2017" and day "30" on day book page.passed
Then click show to open day book report.....................................passed
]]></system-out>
</testcase>
<testcase classname="Account reports" name="To open balance sheet when summary is clicked" time="28.896154">
<system-out><![CDATA[Given user enter "http://qaerp.franciscanecare.net".........................passed
When user enter username "admin" and password "Admin#franciscan"............passed
And passes school name "qaerp"..............................................passed
And click signin............................................................passed
Then account home page is opened............................................passed
When user opens balance sheet page..........................................passed
And select from date as month "May" year "2017" and day "1" on balance sheet page.passed
And select to date as month "May" year "2017" and day "30" on balance sheet page.passed
And click "summary" on balance sheet page...................................passed
Then click show to open balance sheet report................................passed
]]></system-out>
</testcase>
<testcase classname="Account reports" name="To open balance sheet when details is clicked" time="35.916792">
<system-out><![CDATA[Given user enter "http://qaerp.franciscanecare.net".........................passed
When user enter username "admin" and password "Admin#franciscan"............passed
And passes school name "qaerp"..............................................passed
And click signin............................................................passed
Then account home page is opened............................................passed
When user opens balance sheet page..........................................passed
And select from date as month "May" year "2017" and day "1" on balance sheet page.passed
And select to date as month "May" year "2017" and day "30" on balance sheet page.passed
And click "details" on balance sheet page...................................passed
Then click show to open balance sheet report................................passed
]]></system-out>
</testcase>
<testcase classname="Account reports" name="To open profit and loss page" time="38.64262">
<system-out><![CDATA[Given user enter "http://qaerp.franciscanecare.net".........................passed
When user enter username "admin" and password "Admin#franciscan"............passed
And passes school name "qaerp"..............................................passed
And click signin............................................................passed
Then account home page is opened............................................passed
When user opens profit and loss page........................................passed
Then click show to open profit and loss report..............................passed
]]></system-out>
</testcase>
<testcase classname="Account reports" name="To open income and expenditure page" time="25.764759">
<system-out><![CDATA[Given user enter "http://qaerp.franciscanecare.net".........................passed
When user enter username "admin" and password "Admin#franciscan"............passed
And passes school name "qaerp"..............................................passed
And click signin............................................................passed
Then account home page is opened............................................passed
When user opens income and expenditure page.................................passed
Then click show to open income and expenditure report.......................passed
]]></system-out>
</testcase>
<testcase classname="Account reports" name="To open journal ledger book" time="36.886029">
<system-out><![CDATA[Given user enter "http://qaerp.franciscanecare.net".........................passed
When user enter username "admin" and password "Admin#franciscan"............passed
And passes school name "qaerp"..............................................passed
And click signin............................................................passed
Then account home page is opened............................................passed
When user opens journal ledger book page....................................passed
And select from date as month "May" year "2017" and day "1" on journal ledger book.passed
And select to date as month "May" year "2017" and day "30" on journal ledger book.passed
Then click show to open journal ledger book report..........................passed
]]></system-out>
</testcase>
<testcase classname="Account reports" name="To open depreciation detail item wise page" time="66.088147">
<system-out><![CDATA[Given user enter "http://qaerp.franciscanecare.net".........................passed
When user enter username "admin" and password "Admin#franciscan"............passed
And passes school name "qaerp"..............................................passed
And click signin............................................................passed
Then account home page is opened............................................passed
When user opens depreciation detail item wise page..........................passed
Then click show to open depreciation detail item wise report................passed
]]></system-out>
</testcase>
<testcase classname="Account reports" name="To open entry type wise report" time="24.508269">
<failure message="org.openqa.selenium.NoSuchElementException: Cannot locate element with text: BANKP&#10;For documentation on this error, please visit: http://seleniumhq.org/exceptions/no_such_element.html&#10;Build info: version: '3.3.1', revision: '5234b325d5', time: '2017-03-10 09:10:29 +0000'&#10;System info: host: 'DELL-PC', ip: '192.168.10.49', os.name: 'Windows 7', os.arch: 'amd64', os.version: '6.1', java.version: '1.8.0_121'&#10;Driver info: driver.version: unknown&#13;&#10;&#9;at org.openqa.selenium.support.ui.Select.selectByVisibleText(Select.java:151)&#13;&#10;&#9;at pageObjects.EntryTypeWiseReport.selectEntryType(EntryTypeWiseReport.java:48)&#13;&#10;&#9;at stepDef.MyStepDefs.select_entry_type_on_entry_type_wise_report_page(MyStepDefs.java:355)&#13;&#10;&#9;at ✽.And select entry type &quot;BANKP&quot; on entry type wise report page(feature/Reports.feature:127)&#13;&#10;"><![CDATA[Given user enter "http://qaerp.franciscanecare.net".........................passed
When user enter username "admin" and password "Admin#franciscan"............passed
And passes school name "qaerp"..............................................passed
And click signin............................................................passed
Then account home page is opened............................................passed
When user opens entry type wise report page.................................passed
And select from date as month "May" year "2017" and day "1" on entry type wise report page.passed
And select to date as month "May" year "2017" and day "30" on entry type wise report page.passed
And select entry type "BANKP" on entry type wise report page................failed
Then click show to open entry type wise report..............................skipped

StackTrace:
org.openqa.selenium.NoSuchElementException: Cannot locate element with text: BANKP
For documentation on this error, please visit: http://seleniumhq.org/exceptions/no_such_element.html
Build info: version: '3.3.1', revision: '5234b325d5', time: '2017-03-10 09:10:29 +0000'
System info: host: 'DELL-PC', ip: '192.168.10.49', os.name: 'Windows 7', os.arch: 'amd64', os.version: '6.1', java.version: '1.8.0_121'
Driver info: driver.version: unknown
	at org.openqa.selenium.support.ui.Select.selectByVisibleText(Select.java:151)
	at pageObjects.EntryTypeWiseReport.selectEntryType(EntryTypeWiseReport.java:48)
	at stepDef.MyStepDefs.select_entry_type_on_entry_type_wise_report_page(MyStepDefs.java:355)
	at ✽.And select entry type "BANKP" on entry type wise report page(feature/Reports.feature:127)
]]></failure>
</testcase>
<testcase classname="Account reports" name="To open entry type wise report when date wise consolidated report checkbox is selected" time="22.152261">
<failure message="org.openqa.selenium.NoSuchElementException: Cannot locate element with text: BANKP&#10;For documentation on this error, please visit: http://seleniumhq.org/exceptions/no_such_element.html&#10;Build info: version: '3.3.1', revision: '5234b325d5', time: '2017-03-10 09:10:29 +0000'&#10;System info: host: 'DELL-PC', ip: '192.168.10.49', os.name: 'Windows 7', os.arch: 'amd64', os.version: '6.1', java.version: '1.8.0_121'&#10;Driver info: driver.version: unknown&#13;&#10;&#9;at org.openqa.selenium.support.ui.Select.selectByVisibleText(Select.java:151)&#13;&#10;&#9;at pageObjects.EntryTypeWiseReport.selectEntryType(EntryTypeWiseReport.java:48)&#13;&#10;&#9;at stepDef.MyStepDefs.select_entry_type_on_entry_type_wise_report_page(MyStepDefs.java:355)&#13;&#10;&#9;at ✽.And select entry type &quot;BANKP&quot; on entry type wise report page(feature/Reports.feature:139)&#13;&#10;"><![CDATA[Given user enter "http://qaerp.franciscanecare.net".........................passed
When user enter username "admin" and password "Admin#franciscan"............passed
And passes school name "qaerp"..............................................passed
And click signin............................................................passed
Then account home page is opened............................................passed
When user opens entry type wise report page.................................passed
And select from date as month "May" year "2017" and day "1" on entry type wise report page.passed
And select to date as month "May" year "2017" and day "30" on entry type wise report page.passed
And select entry type "BANKP" on entry type wise report page................failed
And click date wise consolidated report checkbox on entry type wise report page.skipped
Then click show to open entry type wise report..............................skipped

StackTrace:
org.openqa.selenium.NoSuchElementException: Cannot locate element with text: BANKP
For documentation on this error, please visit: http://seleniumhq.org/exceptions/no_such_element.html
Build info: version: '3.3.1', revision: '5234b325d5', time: '2017-03-10 09:10:29 +0000'
System info: host: 'DELL-PC', ip: '192.168.10.49', os.name: 'Windows 7', os.arch: 'amd64', os.version: '6.1', java.version: '1.8.0_121'
Driver info: driver.version: unknown
	at org.openqa.selenium.support.ui.Select.selectByVisibleText(Select.java:151)
	at pageObjects.EntryTypeWiseReport.selectEntryType(EntryTypeWiseReport.java:48)
	at stepDef.MyStepDefs.select_entry_type_on_entry_type_wise_report_page(MyStepDefs.java:355)
	at ✽.And select entry type "BANKP" on entry type wise report page(feature/Reports.feature:139)
]]></failure>
</testcase>
<testcase classname="Account reports" name="To open reconciliation statement report" time="23.255562">
<failure message="org.openqa.selenium.NoSuchElementException: Cannot locate element with text: Axis Bank ltd&#10;For documentation on this error, please visit: http://seleniumhq.org/exceptions/no_such_element.html&#10;Build info: version: '3.3.1', revision: '5234b325d5', time: '2017-03-10 09:10:29 +0000'&#10;System info: host: 'DELL-PC', ip: '192.168.10.49', os.name: 'Windows 7', os.arch: 'amd64', os.version: '6.1', java.version: '1.8.0_121'&#10;Driver info: driver.version: unknown&#13;&#10;&#9;at org.openqa.selenium.support.ui.Select.selectByVisibleText(Select.java:151)&#13;&#10;&#9;at pageObjects.ReconciliationStatement.selectBank(ReconciliationStatement.java:49)&#13;&#10;&#9;at stepDef.MyStepDefs.select_bank_on_reconciliation_statement_page(MyStepDefs.java:393)&#13;&#10;&#9;at ✽.And select bank &quot;Axis Bank ltd&quot; on reconciliation statement page(feature/Reports.feature:153)&#13;&#10;"><![CDATA[Given user enter "http://qaerp.franciscanecare.net".........................passed
When user enter username "admin" and password "Admin#franciscan"............passed
And passes school name "qaerp"..............................................passed
And click signin............................................................passed
Then account home page is opened............................................passed
When user opens reconciliation statement page...............................passed
And select from date as month "May" year "2017" and day "1" on reconciliation statement page.passed
And select to date as month "May" year "2017" and day "30" on reconciliation statement page.passed
And select bank "Axis Bank ltd" on reconciliation statement page............failed
And select cheque status "All" on reconciliation statement page.............skipped
Then click show to open reconciliation statement report.....................skipped

StackTrace:
org.openqa.selenium.NoSuchElementException: Cannot locate element with text: Axis Bank ltd
For documentation on this error, please visit: http://seleniumhq.org/exceptions/no_such_element.html
Build info: version: '3.3.1', revision: '5234b325d5', time: '2017-03-10 09:10:29 +0000'
System info: host: 'DELL-PC', ip: '192.168.10.49', os.name: 'Windows 7', os.arch: 'amd64', os.version: '6.1', java.version: '1.8.0_121'
Driver info: driver.version: unknown
	at org.openqa.selenium.support.ui.Select.selectByVisibleText(Select.java:151)
	at pageObjects.ReconciliationStatement.selectBank(ReconciliationStatement.java:49)
	at stepDef.MyStepDefs.select_bank_on_reconciliation_statement_page(MyStepDefs.java:393)
	at ✽.And select bank "Axis Bank ltd" on reconciliation statement page(feature/Reports.feature:153)
]]></failure>
</testcase>
<testcase classname="Account reports" name="To open entry type wise report when date wise consolidated report checkbox is selected" time="25.23154">
<failure message="org.openqa.selenium.NoSuchElementException: Cannot locate element with text: Axis Bank ltd&#10;For documentation on this error, please visit: http://seleniumhq.org/exceptions/no_such_element.html&#10;Build info: version: '3.3.1', revision: '5234b325d5', time: '2017-03-10 09:10:29 +0000'&#10;System info: host: 'DELL-PC', ip: '192.168.10.49', os.name: 'Windows 7', os.arch: 'amd64', os.version: '6.1', java.version: '1.8.0_121'&#10;Driver info: driver.version: unknown&#13;&#10;&#9;at org.openqa.selenium.support.ui.Select.selectByVisibleText(Select.java:151)&#13;&#10;&#9;at pageObjects.ReconciliationStatement.selectBank(ReconciliationStatement.java:49)&#13;&#10;&#9;at stepDef.MyStepDefs.select_bank_on_reconciliation_statement_page(MyStepDefs.java:393)&#13;&#10;&#9;at ✽.And select bank &quot;Axis Bank ltd&quot; on reconciliation statement page(feature/Reports.feature:166)&#13;&#10;"><![CDATA[Given user enter "http://qaerp.franciscanecare.net".........................passed
When user enter username "admin" and password "Admin#franciscan"............passed
And passes school name "qaerp"..............................................passed
And click signin............................................................passed
Then account home page is opened............................................passed
When user opens reconciliation statement page...............................passed
And select from date as month "May" year "2017" and day "1" on reconciliation statement page.passed
And select to date as month "May" year "2017" and day "30" on reconciliation statement page.passed
And select bank "Axis Bank ltd" on reconciliation statement page............failed
And select cheque status "All" on reconciliation statement page.............skipped
And select with student wise cheque on reconciliation statement page........skipped
Then click show to open reconciliation statement report.....................skipped

StackTrace:
org.openqa.selenium.NoSuchElementException: Cannot locate element with text: Axis Bank ltd
For documentation on this error, please visit: http://seleniumhq.org/exceptions/no_such_element.html
Build info: version: '3.3.1', revision: '5234b325d5', time: '2017-03-10 09:10:29 +0000'
System info: host: 'DELL-PC', ip: '192.168.10.49', os.name: 'Windows 7', os.arch: 'amd64', os.version: '6.1', java.version: '1.8.0_121'
Driver info: driver.version: unknown
	at org.openqa.selenium.support.ui.Select.selectByVisibleText(Select.java:151)
	at pageObjects.ReconciliationStatement.selectBank(ReconciliationStatement.java:49)
	at stepDef.MyStepDefs.select_bank_on_reconciliation_statement_page(MyStepDefs.java:393)
	at ✽.And select bank "Axis Bank ltd" on reconciliation statement page(feature/Reports.feature:166)
]]></failure>
</testcase>
<testcase classname="Account reports" name="To open group wise report" time="29.909441">
<failure message="org.openqa.selenium.WebDriverException: unknown error: Element &lt;button type=&quot;button&quot; class=&quot;ui-multiselect ui-widget ui-state-default ui-corner-all&quot; title=&quot;&quot; aria-haspopup=&quot;true&quot; tabindex=&quot;0&quot; style=&quot;width: 200px;&quot;&gt;...&lt;/button&gt; is not clickable at point (189, 127). Other element would receive the click: &lt;span&gt;...&lt;/span&gt;&#10;  (Session info: chrome=60.0.3112.113)&#10;  (Driver info: chromedriver=2.29.461591 (62ebf098771772160f391d75e589dc567915b233),platform=Windows NT 6.1.7601 SP1 x86_64) (WARNING: The server did not provide any stacktrace information)&#10;Command duration or timeout: 47 milliseconds&#10;Build info: version: '3.3.1', revision: '5234b325d5', time: '2017-03-10 09:10:29 +0000'&#10;System info: host: 'DELL-PC', ip: '192.168.10.49', os.name: 'Windows 7', os.arch: 'amd64', os.version: '6.1', java.version: '1.8.0_121'&#10;Driver info: org.openqa.selenium.chrome.ChromeDriver&#10;Capabilities [{applicationCacheEnabled=false, rotatable=false, mobileEmulationEnabled=false, networkConnectionEnabled=false, chrome={chromedriverVersion=2.29.461591 (62ebf098771772160f391d75e589dc567915b233), userDataDir=C:\Users\dell\AppData\Local\Temp\scoped_dir480_19205}, takesHeapSnapshot=true, pageLoadStrategy=normal, databaseEnabled=false, handlesAlerts=true, hasTouchScreen=false, version=60.0.3112.113, platform=XP, browserConnectionEnabled=false, nativeEvents=true, acceptSslCerts=true, locationContextEnabled=true, webStorageEnabled=true, browserName=chrome, takesScreenshot=true, javascriptEnabled=true, cssSelectorsEnabled=true, unexpectedAlertBehaviour=}]&#10;Session ID: c9fbf51d611f0e6b5f51d1617983b566&#13;&#10;&#9;at sun.reflect.NativeConstructorAccessorImpl.newInstance0(Native Method)&#13;&#10;&#9;at sun.reflect.NativeConstructorAccessorImpl.newInstance(NativeConstructorAccessorImpl.java:62)&#13;&#10;&#9;at sun.reflect.DelegatingConstructorAccessorImpl.newInstance(DelegatingConstructorAccessorImpl.java:45)&#13;&#10;&#9;at java.lang.reflect.Constructor.newInstance(Constructor.java:423)&#13;&#10;&#9;at org.openqa.selenium.remote.ErrorHandler.createThrowable(ErrorHandler.java:216)&#13;&#10;&#9;at org.openqa.selenium.remote.ErrorHandler.throwIfResponseFailed(ErrorHandler.java:168)&#13;&#10;&#9;at org.openqa.selenium.remote.RemoteWebDriver.execute(RemoteWebDriver.java:638)&#13;&#10;&#9;at org.openqa.selenium.remote.RemoteWebElement.execute(RemoteWebElement.java:274)&#13;&#10;&#9;at org.openqa.selenium.remote.RemoteWebElement.click(RemoteWebElement.java:84)&#13;&#10;&#9;at pageObjects.GroupWiseReport.selectAccount(GroupWiseReport.java:61)&#13;&#10;&#9;at stepDef.MyStepDefs.select_account_on_group_wise_report_page(MyStepDefs.java:442)&#13;&#10;&#9;at ✽.And select account &quot;Axis Bank ltd&quot; on group wise report page(feature/Reports.feature:182)&#13;&#10;"><![CDATA[Given user enter "http://qaerp.franciscanecare.net".........................passed
When user enter username "admin" and password "Admin#franciscan"............passed
And passes school name "qaerp"..............................................passed
And click signin............................................................passed
Then account home page is opened............................................passed
When user opens group wise report page......................................passed
And select from date as month "May" year "2017" and day "1" on group wise report page.passed
And select to date as month "May" year "2017" and day "30" on group wise report page.passed
And select ledger group "Bank" on group wise report page....................passed
And select account "Axis Bank ltd" on group wise report page................failed
Then click show to open group wise report...................................skipped

StackTrace:
org.openqa.selenium.WebDriverException: unknown error: Element <button type="button" class="ui-multiselect ui-widget ui-state-default ui-corner-all" title="" aria-haspopup="true" tabindex="0" style="width: 200px;">...</button> is not clickable at point (189, 127). Other element would receive the click: <span>...</span>
  (Session info: chrome=60.0.3112.113)
  (Driver info: chromedriver=2.29.461591 (62ebf098771772160f391d75e589dc567915b233),platform=Windows NT 6.1.7601 SP1 x86_64) (WARNING: The server did not provide any stacktrace information)
Command duration or timeout: 47 milliseconds
Build info: version: '3.3.1', revision: '5234b325d5', time: '2017-03-10 09:10:29 +0000'
System info: host: 'DELL-PC', ip: '192.168.10.49', os.name: 'Windows 7', os.arch: 'amd64', os.version: '6.1', java.version: '1.8.0_121'
Driver info: org.openqa.selenium.chrome.ChromeDriver
Capabilities [{applicationCacheEnabled=false, rotatable=false, mobileEmulationEnabled=false, networkConnectionEnabled=false, chrome={chromedriverVersion=2.29.461591 (62ebf098771772160f391d75e589dc567915b233), userDataDir=C:\Users\dell\AppData\Local\Temp\scoped_dir480_19205}, takesHeapSnapshot=true, pageLoadStrategy=normal, databaseEnabled=false, handlesAlerts=true, hasTouchScreen=false, version=60.0.3112.113, platform=XP, browserConnectionEnabled=false, nativeEvents=true, acceptSslCerts=true, locationContextEnabled=true, webStorageEnabled=true, browserName=chrome, takesScreenshot=true, javascriptEnabled=true, cssSelectorsEnabled=true, unexpectedAlertBehaviour=}]
Session ID: c9fbf51d611f0e6b5f51d1617983b566
	at sun.reflect.NativeConstructorAccessorImpl.newInstance0(Native Method)
	at sun.reflect.NativeConstructorAccessorImpl.newInstance(NativeConstructorAccessorImpl.java:62)
	at sun.reflect.DelegatingConstructorAccessorImpl.newInstance(DelegatingConstructorAccessorImpl.java:45)
	at java.lang.reflect.Constructor.newInstance(Constructor.java:423)
	at org.openqa.selenium.remote.ErrorHandler.createThrowable(ErrorHandler.java:216)
	at org.openqa.selenium.remote.ErrorHandler.throwIfResponseFailed(ErrorHandler.java:168)
	at org.openqa.selenium.remote.RemoteWebDriver.execute(RemoteWebDriver.java:638)
	at org.openqa.selenium.remote.RemoteWebElement.execute(RemoteWebElement.java:274)
	at org.openqa.selenium.remote.RemoteWebElement.click(RemoteWebElement.java:84)
	at pageObjects.GroupWiseReport.selectAccount(GroupWiseReport.java:61)
	at stepDef.MyStepDefs.select_account_on_group_wise_report_page(MyStepDefs.java:442)
	at ✽.And select account "Axis Bank ltd" on group wise report page(feature/Reports.feature:182)
]]></failure>
</testcase>
<testcase classname="Account reports" name="To open cash/bank book report when cash/bank is selected" time="33.467843">
<failure message="org.openqa.selenium.WebDriverException: unknown error: Element &lt;button type=&quot;button&quot; class=&quot;ui-multiselect ui-widget ui-state-default ui-corner-all&quot; title=&quot;&quot; aria-haspopup=&quot;true&quot; tabindex=&quot;0&quot; style=&quot;width: 200px;&quot;&gt;...&lt;/button&gt; is not clickable at point (189, 148). Other element would receive the click: &lt;input placeholder=&quot;type here...&quot; type=&quot;search&quot;&gt;&#10;  (Session info: chrome=60.0.3112.113)&#10;  (Driver info: chromedriver=2.29.461591 (62ebf098771772160f391d75e589dc567915b233),platform=Windows NT 6.1.7601 SP1 x86_64) (WARNING: The server did not provide any stacktrace information)&#10;Command duration or timeout: 57 milliseconds&#10;Build info: version: '3.3.1', revision: '5234b325d5', time: '2017-03-10 09:10:29 +0000'&#10;System info: host: 'DELL-PC', ip: '192.168.10.49', os.name: 'Windows 7', os.arch: 'amd64', os.version: '6.1', java.version: '1.8.0_121'&#10;Driver info: org.openqa.selenium.chrome.ChromeDriver&#10;Capabilities [{applicationCacheEnabled=false, rotatable=false, mobileEmulationEnabled=false, networkConnectionEnabled=false, chrome={chromedriverVersion=2.29.461591 (62ebf098771772160f391d75e589dc567915b233), userDataDir=C:\Users\dell\AppData\Local\Temp\scoped_dir7440_4482}, takesHeapSnapshot=true, pageLoadStrategy=normal, databaseEnabled=false, handlesAlerts=true, hasTouchScreen=false, version=60.0.3112.113, platform=XP, browserConnectionEnabled=false, nativeEvents=true, acceptSslCerts=true, locationContextEnabled=true, webStorageEnabled=true, browserName=chrome, takesScreenshot=true, javascriptEnabled=true, cssSelectorsEnabled=true, unexpectedAlertBehaviour=}]&#10;Session ID: c55a452cbc3a42134e32fad84929da25&#13;&#10;&#9;at sun.reflect.NativeConstructorAccessorImpl.newInstance0(Native Method)&#13;&#10;&#9;at sun.reflect.NativeConstructorAccessorImpl.newInstance(NativeConstructorAccessorImpl.java:62)&#13;&#10;&#9;at sun.reflect.DelegatingConstructorAccessorImpl.newInstance(DelegatingConstructorAccessorImpl.java:45)&#13;&#10;&#9;at java.lang.reflect.Constructor.newInstance(Constructor.java:423)&#13;&#10;&#9;at org.openqa.selenium.remote.ErrorHandler.createThrowable(ErrorHandler.java:216)&#13;&#10;&#9;at org.openqa.selenium.remote.ErrorHandler.throwIfResponseFailed(ErrorHandler.java:168)&#13;&#10;&#9;at org.openqa.selenium.remote.RemoteWebDriver.execute(RemoteWebDriver.java:638)&#13;&#10;&#9;at org.openqa.selenium.remote.RemoteWebElement.execute(RemoteWebElement.java:274)&#13;&#10;&#9;at org.openqa.selenium.remote.RemoteWebElement.click(RemoteWebElement.java:84)&#13;&#10;&#9;at pageObjects.CashBankBook.selectAccount(CashBankBook.java:80)&#13;&#10;&#9;at stepDef.MyStepDefs.select_account_on_cash_bank_book_page(MyStepDefs.java:479)&#13;&#10;&#9;at ✽.And select account &quot;Axis Bank ltd&quot; on cash/bank book page(feature/Reports.feature:197)&#13;&#10;"><![CDATA[Given user enter "http://qaerp.franciscanecare.net".........................passed
When user enter username "admin" and password "Admin#franciscan"............passed
And passes school name "qaerp"..............................................passed
And click signin............................................................passed
Then account home page is opened............................................passed
When user opens cash/bank book page.........................................passed
And select from date as month "May" year "2017" and day "1" on cash/bank book page.passed
And select to date as month "May" year "2017" and day "30" on cash/bank book page.passed
And select "cash/bank" on cash/bank book page...............................passed
And select ledger group "Bank" on cash/bank book page.......................passed
And select account "Axis Bank ltd" on cash/bank book page...................failed
Then click show to open cash/bank book report...............................skipped

StackTrace:
org.openqa.selenium.WebDriverException: unknown error: Element <button type="button" class="ui-multiselect ui-widget ui-state-default ui-corner-all" title="" aria-haspopup="true" tabindex="0" style="width: 200px;">...</button> is not clickable at point (189, 148). Other element would receive the click: <input placeholder="type here..." type="search">
  (Session info: chrome=60.0.3112.113)
  (Driver info: chromedriver=2.29.461591 (62ebf098771772160f391d75e589dc567915b233),platform=Windows NT 6.1.7601 SP1 x86_64) (WARNING: The server did not provide any stacktrace information)
Command duration or timeout: 57 milliseconds
Build info: version: '3.3.1', revision: '5234b325d5', time: '2017-03-10 09:10:29 +0000'
System info: host: 'DELL-PC', ip: '192.168.10.49', os.name: 'Windows 7', os.arch: 'amd64', os.version: '6.1', java.version: '1.8.0_121'
Driver info: org.openqa.selenium.chrome.ChromeDriver
Capabilities [{applicationCacheEnabled=false, rotatable=false, mobileEmulationEnabled=false, networkConnectionEnabled=false, chrome={chromedriverVersion=2.29.461591 (62ebf098771772160f391d75e589dc567915b233), userDataDir=C:\Users\dell\AppData\Local\Temp\scoped_dir7440_4482}, takesHeapSnapshot=true, pageLoadStrategy=normal, databaseEnabled=false, handlesAlerts=true, hasTouchScreen=false, version=60.0.3112.113, platform=XP, browserConnectionEnabled=false, nativeEvents=true, acceptSslCerts=true, locationContextEnabled=true, webStorageEnabled=true, browserName=chrome, takesScreenshot=true, javascriptEnabled=true, cssSelectorsEnabled=true, unexpectedAlertBehaviour=}]
Session ID: c55a452cbc3a42134e32fad84929da25
	at sun.reflect.NativeConstructorAccessorImpl.newInstance0(Native Method)
	at sun.reflect.NativeConstructorAccessorImpl.newInstance(NativeConstructorAccessorImpl.java:62)
	at sun.reflect.DelegatingConstructorAccessorImpl.newInstance(DelegatingConstructorAccessorImpl.java:45)
	at java.lang.reflect.Constructor.newInstance(Constructor.java:423)
	at org.openqa.selenium.remote.ErrorHandler.createThrowable(ErrorHandler.java:216)
	at org.openqa.selenium.remote.ErrorHandler.throwIfResponseFailed(ErrorHandler.java:168)
	at org.openqa.selenium.remote.RemoteWebDriver.execute(RemoteWebDriver.java:638)
	at org.openqa.selenium.remote.RemoteWebElement.execute(RemoteWebElement.java:274)
	at org.openqa.selenium.remote.RemoteWebElement.click(RemoteWebElement.java:84)
	at pageObjects.CashBankBook.selectAccount(CashBankBook.java:80)
	at stepDef.MyStepDefs.select_account_on_cash_bank_book_page(MyStepDefs.java:479)
	at ✽.And select account "Axis Bank ltd" on cash/bank book page(feature/Reports.feature:197)
]]></failure>
</testcase>
<testcase classname="Account reports" name="To open cash/bank book report when all is selected" time="35.349956">
<failure message="org.openqa.selenium.WebDriverException: unknown error: Element &lt;button type=&quot;button&quot; class=&quot;ui-multiselect ui-widget ui-state-default ui-corner-all&quot; title=&quot;&quot; aria-haspopup=&quot;true&quot; tabindex=&quot;0&quot; style=&quot;width: 200px;&quot;&gt;...&lt;/button&gt; is not clickable at point (189, 148). Other element would receive the click: &lt;input placeholder=&quot;type here...&quot; type=&quot;search&quot;&gt;&#10;  (Session info: chrome=60.0.3112.113)&#10;  (Driver info: chromedriver=2.29.461591 (62ebf098771772160f391d75e589dc567915b233),platform=Windows NT 6.1.7601 SP1 x86_64) (WARNING: The server did not provide any stacktrace information)&#10;Command duration or timeout: 50 milliseconds&#10;Build info: version: '3.3.1', revision: '5234b325d5', time: '2017-03-10 09:10:29 +0000'&#10;System info: host: 'DELL-PC', ip: '192.168.10.49', os.name: 'Windows 7', os.arch: 'amd64', os.version: '6.1', java.version: '1.8.0_121'&#10;Driver info: org.openqa.selenium.chrome.ChromeDriver&#10;Capabilities [{applicationCacheEnabled=false, rotatable=false, mobileEmulationEnabled=false, networkConnectionEnabled=false, chrome={chromedriverVersion=2.29.461591 (62ebf098771772160f391d75e589dc567915b233), userDataDir=C:\Users\dell\AppData\Local\Temp\scoped_dir2432_30471}, takesHeapSnapshot=true, pageLoadStrategy=normal, databaseEnabled=false, handlesAlerts=true, hasTouchScreen=false, version=60.0.3112.113, platform=XP, browserConnectionEnabled=false, nativeEvents=true, acceptSslCerts=true, locationContextEnabled=true, webStorageEnabled=true, browserName=chrome, takesScreenshot=true, javascriptEnabled=true, cssSelectorsEnabled=true, unexpectedAlertBehaviour=}]&#10;Session ID: 40e6cfedb6e2eb0203f1527bfc7dcc78&#13;&#10;&#9;at sun.reflect.NativeConstructorAccessorImpl.newInstance0(Native Method)&#13;&#10;&#9;at sun.reflect.NativeConstructorAccessorImpl.newInstance(NativeConstructorAccessorImpl.java:62)&#13;&#10;&#9;at sun.reflect.DelegatingConstructorAccessorImpl.newInstance(DelegatingConstructorAccessorImpl.java:45)&#13;&#10;&#9;at java.lang.reflect.Constructor.newInstance(Constructor.java:423)&#13;&#10;&#9;at org.openqa.selenium.remote.ErrorHandler.createThrowable(ErrorHandler.java:216)&#13;&#10;&#9;at org.openqa.selenium.remote.ErrorHandler.throwIfResponseFailed(ErrorHandler.java:168)&#13;&#10;&#9;at org.openqa.selenium.remote.RemoteWebDriver.execute(RemoteWebDriver.java:638)&#13;&#10;&#9;at org.openqa.selenium.remote.RemoteWebElement.execute(RemoteWebElement.java:274)&#13;&#10;&#9;at org.openqa.selenium.remote.RemoteWebElement.click(RemoteWebElement.java:84)&#13;&#10;&#9;at pageObjects.CashBankBook.selectAccount(CashBankBook.java:80)&#13;&#10;&#9;at stepDef.MyStepDefs.select_account_on_cash_bank_book_page(MyStepDefs.java:479)&#13;&#10;&#9;at ✽.And select account &quot;Axis Bank ltd&quot; on cash/bank book page(feature/Reports.feature:211)&#13;&#10;"><![CDATA[Given user enter "http://qaerp.franciscanecare.net".........................passed
When user enter username "admin" and password "Admin#franciscan"............passed
And passes school name "qaerp"..............................................passed
And click signin............................................................passed
Then account home page is opened............................................passed
When user opens cash/bank book page.........................................passed
And select from date as month "May" year "2017" and day "1" on cash/bank book page.passed
And select to date as month "May" year "2017" and day "30" on cash/bank book page.passed
And select "All" on cash/bank book page.....................................passed
And select ledger group "Bank" on cash/bank book page.......................passed
And select account "Axis Bank ltd" on cash/bank book page...................failed
Then click show to open cash/bank book report...............................skipped

StackTrace:
org.openqa.selenium.WebDriverException: unknown error: Element <button type="button" class="ui-multiselect ui-widget ui-state-default ui-corner-all" title="" aria-haspopup="true" tabindex="0" style="width: 200px;">...</button> is not clickable at point (189, 148). Other element would receive the click: <input placeholder="type here..." type="search">
  (Session info: chrome=60.0.3112.113)
  (Driver info: chromedriver=2.29.461591 (62ebf098771772160f391d75e589dc567915b233),platform=Windows NT 6.1.7601 SP1 x86_64) (WARNING: The server did not provide any stacktrace information)
Command duration or timeout: 50 milliseconds
Build info: version: '3.3.1', revision: '5234b325d5', time: '2017-03-10 09:10:29 +0000'
System info: host: 'DELL-PC', ip: '192.168.10.49', os.name: 'Windows 7', os.arch: 'amd64', os.version: '6.1', java.version: '1.8.0_121'
Driver info: org.openqa.selenium.chrome.ChromeDriver
Capabilities [{applicationCacheEnabled=false, rotatable=false, mobileEmulationEnabled=false, networkConnectionEnabled=false, chrome={chromedriverVersion=2.29.461591 (62ebf098771772160f391d75e589dc567915b233), userDataDir=C:\Users\dell\AppData\Local\Temp\scoped_dir2432_30471}, takesHeapSnapshot=true, pageLoadStrategy=normal, databaseEnabled=false, handlesAlerts=true, hasTouchScreen=false, version=60.0.3112.113, platform=XP, browserConnectionEnabled=false, nativeEvents=true, acceptSslCerts=true, locationContextEnabled=true, webStorageEnabled=true, browserName=chrome, takesScreenshot=true, javascriptEnabled=true, cssSelectorsEnabled=true, unexpectedAlertBehaviour=}]
Session ID: 40e6cfedb6e2eb0203f1527bfc7dcc78
	at sun.reflect.NativeConstructorAccessorImpl.newInstance0(Native Method)
	at sun.reflect.NativeConstructorAccessorImpl.newInstance(NativeConstructorAccessorImpl.java:62)
	at sun.reflect.DelegatingConstructorAccessorImpl.newInstance(DelegatingConstructorAccessorImpl.java:45)
	at java.lang.reflect.Constructor.newInstance(Constructor.java:423)
	at org.openqa.selenium.remote.ErrorHandler.createThrowable(ErrorHandler.java:216)
	at org.openqa.selenium.remote.ErrorHandler.throwIfResponseFailed(ErrorHandler.java:168)
	at org.openqa.selenium.remote.RemoteWebDriver.execute(RemoteWebDriver.java:638)
	at org.openqa.selenium.remote.RemoteWebElement.execute(RemoteWebElement.java:274)
	at org.openqa.selenium.remote.RemoteWebElement.click(RemoteWebElement.java:84)
	at pageObjects.CashBankBook.selectAccount(CashBankBook.java:80)
	at stepDef.MyStepDefs.select_account_on_cash_bank_book_page(MyStepDefs.java:479)
	at ✽.And select account "Axis Bank ltd" on cash/bank book page(feature/Reports.feature:211)
]]></failure>
</testcase>
<testcase classname="Account reports" name="To open cash/bank book report when cash/bank is selected with detail" time="35.063117">
<failure message="org.openqa.selenium.WebDriverException: unknown error: Element &lt;button type=&quot;button&quot; class=&quot;ui-multiselect ui-widget ui-state-default ui-corner-all&quot; title=&quot;&quot; aria-haspopup=&quot;true&quot; tabindex=&quot;0&quot; style=&quot;width: 200px;&quot;&gt;...&lt;/button&gt; is not clickable at point (189, 148). Other element would receive the click: &lt;input placeholder=&quot;type here...&quot; type=&quot;search&quot;&gt;&#10;  (Session info: chrome=60.0.3112.113)&#10;  (Driver info: chromedriver=2.29.461591 (62ebf098771772160f391d75e589dc567915b233),platform=Windows NT 6.1.7601 SP1 x86_64) (WARNING: The server did not provide any stacktrace information)&#10;Command duration or timeout: 40 milliseconds&#10;Build info: version: '3.3.1', revision: '5234b325d5', time: '2017-03-10 09:10:29 +0000'&#10;System info: host: 'DELL-PC', ip: '192.168.10.49', os.name: 'Windows 7', os.arch: 'amd64', os.version: '6.1', java.version: '1.8.0_121'&#10;Driver info: org.openqa.selenium.chrome.ChromeDriver&#10;Capabilities [{applicationCacheEnabled=false, rotatable=false, mobileEmulationEnabled=false, networkConnectionEnabled=false, chrome={chromedriverVersion=2.29.461591 (62ebf098771772160f391d75e589dc567915b233), userDataDir=C:\Users\dell\AppData\Local\Temp\scoped_dir5340_32441}, takesHeapSnapshot=true, pageLoadStrategy=normal, databaseEnabled=false, handlesAlerts=true, hasTouchScreen=false, version=60.0.3112.113, platform=XP, browserConnectionEnabled=false, nativeEvents=true, acceptSslCerts=true, locationContextEnabled=true, webStorageEnabled=true, browserName=chrome, takesScreenshot=true, javascriptEnabled=true, cssSelectorsEnabled=true, unexpectedAlertBehaviour=}]&#10;Session ID: a8100fdb3a61640ec8e8973d31829816&#13;&#10;&#9;at sun.reflect.NativeConstructorAccessorImpl.newInstance0(Native Method)&#13;&#10;&#9;at sun.reflect.NativeConstructorAccessorImpl.newInstance(NativeConstructorAccessorImpl.java:62)&#13;&#10;&#9;at sun.reflect.DelegatingConstructorAccessorImpl.newInstance(DelegatingConstructorAccessorImpl.java:45)&#13;&#10;&#9;at java.lang.reflect.Constructor.newInstance(Constructor.java:423)&#13;&#10;&#9;at org.openqa.selenium.remote.ErrorHandler.createThrowable(ErrorHandler.java:216)&#13;&#10;&#9;at org.openqa.selenium.remote.ErrorHandler.throwIfResponseFailed(ErrorHandler.java:168)&#13;&#10;&#9;at org.openqa.selenium.remote.RemoteWebDriver.execute(RemoteWebDriver.java:638)&#13;&#10;&#9;at org.openqa.selenium.remote.RemoteWebElement.execute(RemoteWebElement.java:274)&#13;&#10;&#9;at org.openqa.selenium.remote.RemoteWebElement.click(RemoteWebElement.java:84)&#13;&#10;&#9;at pageObjects.CashBankBook.selectAccount(CashBankBook.java:80)&#13;&#10;&#9;at stepDef.MyStepDefs.select_account_on_cash_bank_book_page(MyStepDefs.java:479)&#13;&#10;&#9;at ✽.And select account &quot;Axis Bank ltd&quot; on cash/bank book page(feature/Reports.feature:226)&#13;&#10;"><![CDATA[Given user enter "http://qaerp.franciscanecare.net".........................passed
When user enter username "admin" and password "Admin#franciscan"............passed
And passes school name "qaerp"..............................................passed
And click signin............................................................passed
Then account home page is opened............................................passed
When user opens cash/bank book page.........................................passed
And select from date as month "May" year "2017" and day "1" on cash/bank book page.passed
And select to date as month "May" year "2017" and day "30" on cash/bank book page.passed
And select "cash/bank" on cash/bank book page...............................passed
And select detail on cash/bank book page....................................passed
And select ledger group "Bank" on cash/bank book page.......................passed
And select account "Axis Bank ltd" on cash/bank book page...................failed
Then click show to open cash/bank book report...............................skipped

StackTrace:
org.openqa.selenium.WebDriverException: unknown error: Element <button type="button" class="ui-multiselect ui-widget ui-state-default ui-corner-all" title="" aria-haspopup="true" tabindex="0" style="width: 200px;">...</button> is not clickable at point (189, 148). Other element would receive the click: <input placeholder="type here..." type="search">
  (Session info: chrome=60.0.3112.113)
  (Driver info: chromedriver=2.29.461591 (62ebf098771772160f391d75e589dc567915b233),platform=Windows NT 6.1.7601 SP1 x86_64) (WARNING: The server did not provide any stacktrace information)
Command duration or timeout: 40 milliseconds
Build info: version: '3.3.1', revision: '5234b325d5', time: '2017-03-10 09:10:29 +0000'
System info: host: 'DELL-PC', ip: '192.168.10.49', os.name: 'Windows 7', os.arch: 'amd64', os.version: '6.1', java.version: '1.8.0_121'
Driver info: org.openqa.selenium.chrome.ChromeDriver
Capabilities [{applicationCacheEnabled=false, rotatable=false, mobileEmulationEnabled=false, networkConnectionEnabled=false, chrome={chromedriverVersion=2.29.461591 (62ebf098771772160f391d75e589dc567915b233), userDataDir=C:\Users\dell\AppData\Local\Temp\scoped_dir5340_32441}, takesHeapSnapshot=true, pageLoadStrategy=normal, databaseEnabled=false, handlesAlerts=true, hasTouchScreen=false, version=60.0.3112.113, platform=XP, browserConnectionEnabled=false, nativeEvents=true, acceptSslCerts=true, locationContextEnabled=true, webStorageEnabled=true, browserName=chrome, takesScreenshot=true, javascriptEnabled=true, cssSelectorsEnabled=true, unexpectedAlertBehaviour=}]
Session ID: a8100fdb3a61640ec8e8973d31829816
	at sun.reflect.NativeConstructorAccessorImpl.newInstance0(Native Method)
	at sun.reflect.NativeConstructorAccessorImpl.newInstance(NativeConstructorAccessorImpl.java:62)
	at sun.reflect.DelegatingConstructorAccessorImpl.newInstance(DelegatingConstructorAccessorImpl.java:45)
	at java.lang.reflect.Constructor.newInstance(Constructor.java:423)
	at org.openqa.selenium.remote.ErrorHandler.createThrowable(ErrorHandler.java:216)
	at org.openqa.selenium.remote.ErrorHandler.throwIfResponseFailed(ErrorHandler.java:168)
	at org.openqa.selenium.remote.RemoteWebDriver.execute(RemoteWebDriver.java:638)
	at org.openqa.selenium.remote.RemoteWebElement.execute(RemoteWebElement.java:274)
	at org.openqa.selenium.remote.RemoteWebElement.click(RemoteWebElement.java:84)
	at pageObjects.CashBankBook.selectAccount(CashBankBook.java:80)
	at stepDef.MyStepDefs.select_account_on_cash_bank_book_page(MyStepDefs.java:479)
	at ✽.And select account "Axis Bank ltd" on cash/bank book page(feature/Reports.feature:226)
]]></failure>
</testcase>
<testcase classname="Account reports" name="To open cash/bank book report when all is selected with detail" time="33.189012">
<failure message="org.openqa.selenium.WebDriverException: unknown error: Element &lt;button type=&quot;button&quot; class=&quot;ui-multiselect ui-widget ui-state-default ui-corner-all&quot; title=&quot;&quot; aria-haspopup=&quot;true&quot; tabindex=&quot;0&quot; style=&quot;width: 200px;&quot;&gt;...&lt;/button&gt; is not clickable at point (189, 148). Other element would receive the click: &lt;input placeholder=&quot;type here...&quot; type=&quot;search&quot;&gt;&#10;  (Session info: chrome=60.0.3112.113)&#10;  (Driver info: chromedriver=2.29.461591 (62ebf098771772160f391d75e589dc567915b233),platform=Windows NT 6.1.7601 SP1 x86_64) (WARNING: The server did not provide any stacktrace information)&#10;Command duration or timeout: 47 milliseconds&#10;Build info: version: '3.3.1', revision: '5234b325d5', time: '2017-03-10 09:10:29 +0000'&#10;System info: host: 'DELL-PC', ip: '192.168.10.49', os.name: 'Windows 7', os.arch: 'amd64', os.version: '6.1', java.version: '1.8.0_121'&#10;Driver info: org.openqa.selenium.chrome.ChromeDriver&#10;Capabilities [{applicationCacheEnabled=false, rotatable=false, mobileEmulationEnabled=false, networkConnectionEnabled=false, chrome={chromedriverVersion=2.29.461591 (62ebf098771772160f391d75e589dc567915b233), userDataDir=C:\Users\dell\AppData\Local\Temp\scoped_dir7808_28682}, takesHeapSnapshot=true, pageLoadStrategy=normal, databaseEnabled=false, handlesAlerts=true, hasTouchScreen=false, version=60.0.3112.113, platform=XP, browserConnectionEnabled=false, nativeEvents=true, acceptSslCerts=true, locationContextEnabled=true, webStorageEnabled=true, browserName=chrome, takesScreenshot=true, javascriptEnabled=true, cssSelectorsEnabled=true, unexpectedAlertBehaviour=}]&#10;Session ID: 9c8c7e1f97db9604c128a9d708820d5b&#13;&#10;&#9;at sun.reflect.NativeConstructorAccessorImpl.newInstance0(Native Method)&#13;&#10;&#9;at sun.reflect.NativeConstructorAccessorImpl.newInstance(NativeConstructorAccessorImpl.java:62)&#13;&#10;&#9;at sun.reflect.DelegatingConstructorAccessorImpl.newInstance(DelegatingConstructorAccessorImpl.java:45)&#13;&#10;&#9;at java.lang.reflect.Constructor.newInstance(Constructor.java:423)&#13;&#10;&#9;at org.openqa.selenium.remote.ErrorHandler.createThrowable(ErrorHandler.java:216)&#13;&#10;&#9;at org.openqa.selenium.remote.ErrorHandler.throwIfResponseFailed(ErrorHandler.java:168)&#13;&#10;&#9;at org.openqa.selenium.remote.RemoteWebDriver.execute(RemoteWebDriver.java:638)&#13;&#10;&#9;at org.openqa.selenium.remote.RemoteWebElement.execute(RemoteWebElement.java:274)&#13;&#10;&#9;at org.openqa.selenium.remote.RemoteWebElement.click(RemoteWebElement.java:84)&#13;&#10;&#9;at pageObjects.CashBankBook.selectAccount(CashBankBook.java:80)&#13;&#10;&#9;at stepDef.MyStepDefs.select_account_on_cash_bank_book_page(MyStepDefs.java:479)&#13;&#10;&#9;at ✽.And select account &quot;Axis Bank ltd&quot; on cash/bank book page(feature/Reports.feature:241)&#13;&#10;"><![CDATA[Given user enter "http://qaerp.franciscanecare.net".........................passed
When user enter username "admin" and password "Admin#franciscan"............passed
And passes school name "qaerp"..............................................passed
And click signin............................................................passed
Then account home page is opened............................................passed
When user opens cash/bank book page.........................................passed
And select from date as month "May" year "2017" and day "1" on cash/bank book page.passed
And select to date as month "May" year "2017" and day "30" on cash/bank book page.passed
And select "All" on cash/bank book page.....................................passed
And select detail on cash/bank book page....................................passed
And select ledger group "Bank" on cash/bank book page.......................passed
And select account "Axis Bank ltd" on cash/bank book page...................failed
Then click show to open cash/bank book report...............................skipped

StackTrace:
org.openqa.selenium.WebDriverException: unknown error: Element <button type="button" class="ui-multiselect ui-widget ui-state-default ui-corner-all" title="" aria-haspopup="true" tabindex="0" style="width: 200px;">...</button> is not clickable at point (189, 148). Other element would receive the click: <input placeholder="type here..." type="search">
  (Session info: chrome=60.0.3112.113)
  (Driver info: chromedriver=2.29.461591 (62ebf098771772160f391d75e589dc567915b233),platform=Windows NT 6.1.7601 SP1 x86_64) (WARNING: The server did not provide any stacktrace information)
Command duration or timeout: 47 milliseconds
Build info: version: '3.3.1', revision: '5234b325d5', time: '2017-03-10 09:10:29 +0000'
System info: host: 'DELL-PC', ip: '192.168.10.49', os.name: 'Windows 7', os.arch: 'amd64', os.version: '6.1', java.version: '1.8.0_121'
Driver info: org.openqa.selenium.chrome.ChromeDriver
Capabilities [{applicationCacheEnabled=false, rotatable=false, mobileEmulationEnabled=false, networkConnectionEnabled=false, chrome={chromedriverVersion=2.29.461591 (62ebf098771772160f391d75e589dc567915b233), userDataDir=C:\Users\dell\AppData\Local\Temp\scoped_dir7808_28682}, takesHeapSnapshot=true, pageLoadStrategy=normal, databaseEnabled=false, handlesAlerts=true, hasTouchScreen=false, version=60.0.3112.113, platform=XP, browserConnectionEnabled=false, nativeEvents=true, acceptSslCerts=true, locationContextEnabled=true, webStorageEnabled=true, browserName=chrome, takesScreenshot=true, javascriptEnabled=true, cssSelectorsEnabled=true, unexpectedAlertBehaviour=}]
Session ID: 9c8c7e1f97db9604c128a9d708820d5b
	at sun.reflect.NativeConstructorAccessorImpl.newInstance0(Native Method)
	at sun.reflect.NativeConstructorAccessorImpl.newInstance(NativeConstructorAccessorImpl.java:62)
	at sun.reflect.DelegatingConstructorAccessorImpl.newInstance(DelegatingConstructorAccessorImpl.java:45)
	at java.lang.reflect.Constructor.newInstance(Constructor.java:423)
	at org.openqa.selenium.remote.ErrorHandler.createThrowable(ErrorHandler.java:216)
	at org.openqa.selenium.remote.ErrorHandler.throwIfResponseFailed(ErrorHandler.java:168)
	at org.openqa.selenium.remote.RemoteWebDriver.execute(RemoteWebDriver.java:638)
	at org.openqa.selenium.remote.RemoteWebElement.execute(RemoteWebElement.java:274)
	at org.openqa.selenium.remote.RemoteWebElement.click(RemoteWebElement.java:84)
	at pageObjects.CashBankBook.selectAccount(CashBankBook.java:80)
	at stepDef.MyStepDefs.select_account_on_cash_bank_book_page(MyStepDefs.java:479)
	at ✽.And select account "Axis Bank ltd" on cash/bank book page(feature/Reports.feature:241)
]]></failure>
</testcase>
<testcase classname="Account reports" name="To open ledger report detail" time="30.045526">
<failure message="org.openqa.selenium.WebDriverException: unknown error: Element &lt;button type=&quot;button&quot; class=&quot;ui-multiselect ui-widget ui-state-default ui-corner-all&quot; title=&quot;&quot; aria-haspopup=&quot;true&quot; tabindex=&quot;0&quot; style=&quot;width: 200px;&quot;&gt;...&lt;/button&gt; is not clickable at point (189, 127). Other element would receive the click: &lt;input placeholder=&quot;type here...&quot; type=&quot;search&quot;&gt;&#10;  (Session info: chrome=60.0.3112.113)&#10;  (Driver info: chromedriver=2.29.461591 (62ebf098771772160f391d75e589dc567915b233),platform=Windows NT 6.1.7601 SP1 x86_64) (WARNING: The server did not provide any stacktrace information)&#10;Command duration or timeout: 46 milliseconds&#10;Build info: version: '3.3.1', revision: '5234b325d5', time: '2017-03-10 09:10:29 +0000'&#10;System info: host: 'DELL-PC', ip: '192.168.10.49', os.name: 'Windows 7', os.arch: 'amd64', os.version: '6.1', java.version: '1.8.0_121'&#10;Driver info: org.openqa.selenium.chrome.ChromeDriver&#10;Capabilities [{applicationCacheEnabled=false, rotatable=false, mobileEmulationEnabled=false, networkConnectionEnabled=false, chrome={chromedriverVersion=2.29.461591 (62ebf098771772160f391d75e589dc567915b233), userDataDir=C:\Users\dell\AppData\Local\Temp\scoped_dir7764_25646}, takesHeapSnapshot=true, pageLoadStrategy=normal, databaseEnabled=false, handlesAlerts=true, hasTouchScreen=false, version=60.0.3112.113, platform=XP, browserConnectionEnabled=false, nativeEvents=true, acceptSslCerts=true, locationContextEnabled=true, webStorageEnabled=true, browserName=chrome, takesScreenshot=true, javascriptEnabled=true, cssSelectorsEnabled=true, unexpectedAlertBehaviour=}]&#10;Session ID: d247a875a1e28956fcddfdaba542a150&#13;&#10;&#9;at sun.reflect.NativeConstructorAccessorImpl.newInstance0(Native Method)&#13;&#10;&#9;at sun.reflect.NativeConstructorAccessorImpl.newInstance(NativeConstructorAccessorImpl.java:62)&#13;&#10;&#9;at sun.reflect.DelegatingConstructorAccessorImpl.newInstance(DelegatingConstructorAccessorImpl.java:45)&#13;&#10;&#9;at java.lang.reflect.Constructor.newInstance(Constructor.java:423)&#13;&#10;&#9;at org.openqa.selenium.remote.ErrorHandler.createThrowable(ErrorHandler.java:216)&#13;&#10;&#9;at org.openqa.selenium.remote.ErrorHandler.throwIfResponseFailed(ErrorHandler.java:168)&#13;&#10;&#9;at org.openqa.selenium.remote.RemoteWebDriver.execute(RemoteWebDriver.java:638)&#13;&#10;&#9;at org.openqa.selenium.remote.RemoteWebElement.execute(RemoteWebElement.java:274)&#13;&#10;&#9;at org.openqa.selenium.remote.RemoteWebElement.click(RemoteWebElement.java:84)&#13;&#10;&#9;at pageObjects.LedgerReportDetail.selectAccount(LedgerReportDetail.java:61)&#13;&#10;&#9;at stepDef.MyStepDefs.select_account_on_ledger_report_detail_page(MyStepDefs.java:528)&#13;&#10;&#9;at ✽.And select account &quot;Axis Bank ltd&quot; on ledger report detail page(feature/Reports.feature:255)&#13;&#10;"><![CDATA[Given user enter "http://qaerp.franciscanecare.net".........................passed
When user enter username "admin" and password "Admin#franciscan"............passed
And passes school name "qaerp"..............................................passed
And click signin............................................................passed
Then account home page is opened............................................passed
When user opens ledger report detail page...................................passed
And select from date as month "May" year "2017" and day "1" on ledger report detail page.passed
And select to date as month "May" year "2017" and day "30" on ledger report detail page.passed
And select ledger group "Bank" on ledger report detail page.................passed
And select account "Axis Bank ltd" on ledger report detail page.............failed
Then click show to open ledger report detail................................skipped

StackTrace:
org.openqa.selenium.WebDriverException: unknown error: Element <button type="button" class="ui-multiselect ui-widget ui-state-default ui-corner-all" title="" aria-haspopup="true" tabindex="0" style="width: 200px;">...</button> is not clickable at point (189, 127). Other element would receive the click: <input placeholder="type here..." type="search">
  (Session info: chrome=60.0.3112.113)
  (Driver info: chromedriver=2.29.461591 (62ebf098771772160f391d75e589dc567915b233),platform=Windows NT 6.1.7601 SP1 x86_64) (WARNING: The server did not provide any stacktrace information)
Command duration or timeout: 46 milliseconds
Build info: version: '3.3.1', revision: '5234b325d5', time: '2017-03-10 09:10:29 +0000'
System info: host: 'DELL-PC', ip: '192.168.10.49', os.name: 'Windows 7', os.arch: 'amd64', os.version: '6.1', java.version: '1.8.0_121'
Driver info: org.openqa.selenium.chrome.ChromeDriver
Capabilities [{applicationCacheEnabled=false, rotatable=false, mobileEmulationEnabled=false, networkConnectionEnabled=false, chrome={chromedriverVersion=2.29.461591 (62ebf098771772160f391d75e589dc567915b233), userDataDir=C:\Users\dell\AppData\Local\Temp\scoped_dir7764_25646}, takesHeapSnapshot=true, pageLoadStrategy=normal, databaseEnabled=false, handlesAlerts=true, hasTouchScreen=false, version=60.0.3112.113, platform=XP, browserConnectionEnabled=false, nativeEvents=true, acceptSslCerts=true, locationContextEnabled=true, webStorageEnabled=true, browserName=chrome, takesScreenshot=true, javascriptEnabled=true, cssSelectorsEnabled=true, unexpectedAlertBehaviour=}]
Session ID: d247a875a1e28956fcddfdaba542a150
	at sun.reflect.NativeConstructorAccessorImpl.newInstance0(Native Method)
	at sun.reflect.NativeConstructorAccessorImpl.newInstance(NativeConstructorAccessorImpl.java:62)
	at sun.reflect.DelegatingConstructorAccessorImpl.newInstance(DelegatingConstructorAccessorImpl.java:45)
	at java.lang.reflect.Constructor.newInstance(Constructor.java:423)
	at org.openqa.selenium.remote.ErrorHandler.createThrowable(ErrorHandler.java:216)
	at org.openqa.selenium.remote.ErrorHandler.throwIfResponseFailed(ErrorHandler.java:168)
	at org.openqa.selenium.remote.RemoteWebDriver.execute(RemoteWebDriver.java:638)
	at org.openqa.selenium.remote.RemoteWebElement.execute(RemoteWebElement.java:274)
	at org.openqa.selenium.remote.RemoteWebElement.click(RemoteWebElement.java:84)
	at pageObjects.LedgerReportDetail.selectAccount(LedgerReportDetail.java:61)
	at stepDef.MyStepDefs.select_account_on_ledger_report_detail_page(MyStepDefs.java:528)
	at ✽.And select account "Axis Bank ltd" on ledger report detail page(feature/Reports.feature:255)
]]></failure>
</testcase>
<testcase classname="Account reports" name="To open ledger report detail when consolidated report is selected" time="34.541601">
<failure message="org.openqa.selenium.WebDriverException: unknown error: Element &lt;button type=&quot;button&quot; class=&quot;ui-multiselect ui-widget ui-state-default ui-corner-all&quot; title=&quot;&quot; aria-haspopup=&quot;true&quot; tabindex=&quot;0&quot; style=&quot;width: 200px;&quot;&gt;...&lt;/button&gt; is not clickable at point (189, 127). Other element would receive the click: &lt;input placeholder=&quot;type here...&quot; type=&quot;search&quot;&gt;&#10;  (Session info: chrome=60.0.3112.113)&#10;  (Driver info: chromedriver=2.29.461591 (62ebf098771772160f391d75e589dc567915b233),platform=Windows NT 6.1.7601 SP1 x86_64) (WARNING: The server did not provide any stacktrace information)&#10;Command duration or timeout: 57 milliseconds&#10;Build info: version: '3.3.1', revision: '5234b325d5', time: '2017-03-10 09:10:29 +0000'&#10;System info: host: 'DELL-PC', ip: '192.168.10.49', os.name: 'Windows 7', os.arch: 'amd64', os.version: '6.1', java.version: '1.8.0_121'&#10;Driver info: org.openqa.selenium.chrome.ChromeDriver&#10;Capabilities [{applicationCacheEnabled=false, rotatable=false, mobileEmulationEnabled=false, networkConnectionEnabled=false, chrome={chromedriverVersion=2.29.461591 (62ebf098771772160f391d75e589dc567915b233), userDataDir=C:\Users\dell\AppData\Local\Temp\scoped_dir7532_3166}, takesHeapSnapshot=true, pageLoadStrategy=normal, databaseEnabled=false, handlesAlerts=true, hasTouchScreen=false, version=60.0.3112.113, platform=XP, browserConnectionEnabled=false, nativeEvents=true, acceptSslCerts=true, locationContextEnabled=true, webStorageEnabled=true, browserName=chrome, takesScreenshot=true, javascriptEnabled=true, cssSelectorsEnabled=true, unexpectedAlertBehaviour=}]&#10;Session ID: fd194b841a01229fd65e0e3091664ec4&#13;&#10;&#9;at sun.reflect.NativeConstructorAccessorImpl.newInstance0(Native Method)&#13;&#10;&#9;at sun.reflect.NativeConstructorAccessorImpl.newInstance(NativeConstructorAccessorImpl.java:62)&#13;&#10;&#9;at sun.reflect.DelegatingConstructorAccessorImpl.newInstance(DelegatingConstructorAccessorImpl.java:45)&#13;&#10;&#9;at java.lang.reflect.Constructor.newInstance(Constructor.java:423)&#13;&#10;&#9;at org.openqa.selenium.remote.ErrorHandler.createThrowable(ErrorHandler.java:216)&#13;&#10;&#9;at org.openqa.selenium.remote.ErrorHandler.throwIfResponseFailed(ErrorHandler.java:168)&#13;&#10;&#9;at org.openqa.selenium.remote.RemoteWebDriver.execute(RemoteWebDriver.java:638)&#13;&#10;&#9;at org.openqa.selenium.remote.RemoteWebElement.execute(RemoteWebElement.java:274)&#13;&#10;&#9;at org.openqa.selenium.remote.RemoteWebElement.click(RemoteWebElement.java:84)&#13;&#10;&#9;at pageObjects.LedgerReportDetail.selectAccount(LedgerReportDetail.java:61)&#13;&#10;&#9;at stepDef.MyStepDefs.select_account_on_ledger_report_detail_page(MyStepDefs.java:528)&#13;&#10;&#9;at ✽.And select account &quot;Axis Bank ltd&quot; on ledger report detail page(feature/Reports.feature:268)&#13;&#10;"><![CDATA[Given user enter "http://qaerp.franciscanecare.net".........................passed
When user enter username "admin" and password "Admin#franciscan"............passed
And passes school name "qaerp"..............................................passed
And click signin............................................................passed
Then account home page is opened............................................passed
When user opens ledger report detail page...................................passed
And select from date as month "May" year "2017" and day "1" on ledger report detail page.passed
And select to date as month "May" year "2017" and day "30" on ledger report detail page.passed
And select ledger group "Bank" on ledger report detail page.................passed
And select account "Axis Bank ltd" on ledger report detail page.............failed
And select consolidated report on ledger report detail page.................skipped
Then click show to open ledger report detail................................skipped

StackTrace:
org.openqa.selenium.WebDriverException: unknown error: Element <button type="button" class="ui-multiselect ui-widget ui-state-default ui-corner-all" title="" aria-haspopup="true" tabindex="0" style="width: 200px;">...</button> is not clickable at point (189, 127). Other element would receive the click: <input placeholder="type here..." type="search">
  (Session info: chrome=60.0.3112.113)
  (Driver info: chromedriver=2.29.461591 (62ebf098771772160f391d75e589dc567915b233),platform=Windows NT 6.1.7601 SP1 x86_64) (WARNING: The server did not provide any stacktrace information)
Command duration or timeout: 57 milliseconds
Build info: version: '3.3.1', revision: '5234b325d5', time: '2017-03-10 09:10:29 +0000'
System info: host: 'DELL-PC', ip: '192.168.10.49', os.name: 'Windows 7', os.arch: 'amd64', os.version: '6.1', java.version: '1.8.0_121'
Driver info: org.openqa.selenium.chrome.ChromeDriver
Capabilities [{applicationCacheEnabled=false, rotatable=false, mobileEmulationEnabled=false, networkConnectionEnabled=false, chrome={chromedriverVersion=2.29.461591 (62ebf098771772160f391d75e589dc567915b233), userDataDir=C:\Users\dell\AppData\Local\Temp\scoped_dir7532_3166}, takesHeapSnapshot=true, pageLoadStrategy=normal, databaseEnabled=false, handlesAlerts=true, hasTouchScreen=false, version=60.0.3112.113, platform=XP, browserConnectionEnabled=false, nativeEvents=true, acceptSslCerts=true, locationContextEnabled=true, webStorageEnabled=true, browserName=chrome, takesScreenshot=true, javascriptEnabled=true, cssSelectorsEnabled=true, unexpectedAlertBehaviour=}]
Session ID: fd194b841a01229fd65e0e3091664ec4
	at sun.reflect.NativeConstructorAccessorImpl.newInstance0(Native Method)
	at sun.reflect.NativeConstructorAccessorImpl.newInstance(NativeConstructorAccessorImpl.java:62)
	at sun.reflect.DelegatingConstructorAccessorImpl.newInstance(DelegatingConstructorAccessorImpl.java:45)
	at java.lang.reflect.Constructor.newInstance(Constructor.java:423)
	at org.openqa.selenium.remote.ErrorHandler.createThrowable(ErrorHandler.java:216)
	at org.openqa.selenium.remote.ErrorHandler.throwIfResponseFailed(ErrorHandler.java:168)
	at org.openqa.selenium.remote.RemoteWebDriver.execute(RemoteWebDriver.java:638)
	at org.openqa.selenium.remote.RemoteWebElement.execute(RemoteWebElement.java:274)
	at org.openqa.selenium.remote.RemoteWebElement.click(RemoteWebElement.java:84)
	at pageObjects.LedgerReportDetail.selectAccount(LedgerReportDetail.java:61)
	at stepDef.MyStepDefs.select_account_on_ledger_report_detail_page(MyStepDefs.java:528)
	at ✽.And select account "Axis Bank ltd" on ledger report detail page(feature/Reports.feature:268)
]]></failure>
</testcase>
<testcase classname="Account reports" name="To open ledger report detail student wise" time="29.152054">
<failure message="org.openqa.selenium.WebDriverException: unknown error: Element &lt;button type=&quot;button&quot; class=&quot;ui-multiselect ui-widget ui-state-default ui-corner-all&quot; title=&quot;&quot; aria-haspopup=&quot;true&quot; tabindex=&quot;0&quot; style=&quot;width: 200px;&quot;&gt;...&lt;/button&gt; is not clickable at point (189, 127). Other element would receive the click: &lt;input placeholder=&quot;type here...&quot; type=&quot;search&quot;&gt;&#10;  (Session info: chrome=60.0.3112.113)&#10;  (Driver info: chromedriver=2.29.461591 (62ebf098771772160f391d75e589dc567915b233),platform=Windows NT 6.1.7601 SP1 x86_64) (WARNING: The server did not provide any stacktrace information)&#10;Command duration or timeout: 51 milliseconds&#10;Build info: version: '3.3.1', revision: '5234b325d5', time: '2017-03-10 09:10:29 +0000'&#10;System info: host: 'DELL-PC', ip: '192.168.10.49', os.name: 'Windows 7', os.arch: 'amd64', os.version: '6.1', java.version: '1.8.0_121'&#10;Driver info: org.openqa.selenium.chrome.ChromeDriver&#10;Capabilities [{applicationCacheEnabled=false, rotatable=false, mobileEmulationEnabled=false, networkConnectionEnabled=false, chrome={chromedriverVersion=2.29.461591 (62ebf098771772160f391d75e589dc567915b233), userDataDir=C:\Users\dell\AppData\Local\Temp\scoped_dir4204_27817}, takesHeapSnapshot=true, pageLoadStrategy=normal, databaseEnabled=false, handlesAlerts=true, hasTouchScreen=false, version=60.0.3112.113, platform=XP, browserConnectionEnabled=false, nativeEvents=true, acceptSslCerts=true, locationContextEnabled=true, webStorageEnabled=true, browserName=chrome, takesScreenshot=true, javascriptEnabled=true, cssSelectorsEnabled=true, unexpectedAlertBehaviour=}]&#10;Session ID: 629a7614a2e9f65b8dddc09cd79fde57&#13;&#10;&#9;at sun.reflect.NativeConstructorAccessorImpl.newInstance0(Native Method)&#13;&#10;&#9;at sun.reflect.NativeConstructorAccessorImpl.newInstance(NativeConstructorAccessorImpl.java:62)&#13;&#10;&#9;at sun.reflect.DelegatingConstructorAccessorImpl.newInstance(DelegatingConstructorAccessorImpl.java:45)&#13;&#10;&#9;at java.lang.reflect.Constructor.newInstance(Constructor.java:423)&#13;&#10;&#9;at org.openqa.selenium.remote.ErrorHandler.createThrowable(ErrorHandler.java:216)&#13;&#10;&#9;at org.openqa.selenium.remote.ErrorHandler.throwIfResponseFailed(ErrorHandler.java:168)&#13;&#10;&#9;at org.openqa.selenium.remote.RemoteWebDriver.execute(RemoteWebDriver.java:638)&#13;&#10;&#9;at org.openqa.selenium.remote.RemoteWebElement.execute(RemoteWebElement.java:274)&#13;&#10;&#9;at org.openqa.selenium.remote.RemoteWebElement.click(RemoteWebElement.java:84)&#13;&#10;&#9;at pageObjects.LedgerReportDetail.selectAccount(LedgerReportDetail.java:61)&#13;&#10;&#9;at stepDef.MyStepDefs.select_account_on_ledger_report_detail_page(MyStepDefs.java:528)&#13;&#10;&#9;at ✽.And select account &quot;Axis Bank ltd&quot; on ledger report detail page(feature/Reports.feature:282)&#13;&#10;"><![CDATA[Given user enter "http://qaerp.franciscanecare.net".........................passed
When user enter username "admin" and password "Admin#franciscan"............passed
And passes school name "qaerp"..............................................passed
And click signin............................................................passed
Then account home page is opened............................................passed
When user opens ledger report detail page...................................passed
And select from date as month "May" year "2017" and day "1" on ledger report detail page.passed
And select to date as month "May" year "2017" and day "30" on ledger report detail page.passed
And select ledger group "Bank" on ledger report detail page.................passed
And select account "Axis Bank ltd" on ledger report detail page.............failed
And select student wise on ledger report detail page........................skipped
Then click show to open ledger report detail................................skipped

StackTrace:
org.openqa.selenium.WebDriverException: unknown error: Element <button type="button" class="ui-multiselect ui-widget ui-state-default ui-corner-all" title="" aria-haspopup="true" tabindex="0" style="width: 200px;">...</button> is not clickable at point (189, 127). Other element would receive the click: <input placeholder="type here..." type="search">
  (Session info: chrome=60.0.3112.113)
  (Driver info: chromedriver=2.29.461591 (62ebf098771772160f391d75e589dc567915b233),platform=Windows NT 6.1.7601 SP1 x86_64) (WARNING: The server did not provide any stacktrace information)
Command duration or timeout: 51 milliseconds
Build info: version: '3.3.1', revision: '5234b325d5', time: '2017-03-10 09:10:29 +0000'
System info: host: 'DELL-PC', ip: '192.168.10.49', os.name: 'Windows 7', os.arch: 'amd64', os.version: '6.1', java.version: '1.8.0_121'
Driver info: org.openqa.selenium.chrome.ChromeDriver
Capabilities [{applicationCacheEnabled=false, rotatable=false, mobileEmulationEnabled=false, networkConnectionEnabled=false, chrome={chromedriverVersion=2.29.461591 (62ebf098771772160f391d75e589dc567915b233), userDataDir=C:\Users\dell\AppData\Local\Temp\scoped_dir4204_27817}, takesHeapSnapshot=true, pageLoadStrategy=normal, databaseEnabled=false, handlesAlerts=true, hasTouchScreen=false, version=60.0.3112.113, platform=XP, browserConnectionEnabled=false, nativeEvents=true, acceptSslCerts=true, locationContextEnabled=true, webStorageEnabled=true, browserName=chrome, takesScreenshot=true, javascriptEnabled=true, cssSelectorsEnabled=true, unexpectedAlertBehaviour=}]
Session ID: 629a7614a2e9f65b8dddc09cd79fde57
	at sun.reflect.NativeConstructorAccessorImpl.newInstance0(Native Method)
	at sun.reflect.NativeConstructorAccessorImpl.newInstance(NativeConstructorAccessorImpl.java:62)
	at sun.reflect.DelegatingConstructorAccessorImpl.newInstance(DelegatingConstructorAccessorImpl.java:45)
	at java.lang.reflect.Constructor.newInstance(Constructor.java:423)
	at org.openqa.selenium.remote.ErrorHandler.createThrowable(ErrorHandler.java:216)
	at org.openqa.selenium.remote.ErrorHandler.throwIfResponseFailed(ErrorHandler.java:168)
	at org.openqa.selenium.remote.RemoteWebDriver.execute(RemoteWebDriver.java:638)
	at org.openqa.selenium.remote.RemoteWebElement.execute(RemoteWebElement.java:274)
	at org.openqa.selenium.remote.RemoteWebElement.click(RemoteWebElement.java:84)
	at pageObjects.LedgerReportDetail.selectAccount(LedgerReportDetail.java:61)
	at stepDef.MyStepDefs.select_account_on_ledger_report_detail_page(MyStepDefs.java:528)
	at ✽.And select account "Axis Bank ltd" on ledger report detail page(feature/Reports.feature:282)
]]></failure>
</testcase>
<testcase classname="Account reports" name="To open ledger report detail when both checkboxes are selected" time="28.311132">
<failure message="org.openqa.selenium.WebDriverException: unknown error: Element &lt;button type=&quot;button&quot; class=&quot;ui-multiselect ui-widget ui-state-default ui-corner-all&quot; title=&quot;&quot; aria-haspopup=&quot;true&quot; tabindex=&quot;0&quot; style=&quot;width: 200px;&quot;&gt;...&lt;/button&gt; is not clickable at point (189, 127). Other element would receive the click: &lt;input placeholder=&quot;type here...&quot; type=&quot;search&quot;&gt;&#10;  (Session info: chrome=60.0.3112.113)&#10;  (Driver info: chromedriver=2.29.461591 (62ebf098771772160f391d75e589dc567915b233),platform=Windows NT 6.1.7601 SP1 x86_64) (WARNING: The server did not provide any stacktrace information)&#10;Command duration or timeout: 37 milliseconds&#10;Build info: version: '3.3.1', revision: '5234b325d5', time: '2017-03-10 09:10:29 +0000'&#10;System info: host: 'DELL-PC', ip: '192.168.10.49', os.name: 'Windows 7', os.arch: 'amd64', os.version: '6.1', java.version: '1.8.0_121'&#10;Driver info: org.openqa.selenium.chrome.ChromeDriver&#10;Capabilities [{applicationCacheEnabled=false, rotatable=false, mobileEmulationEnabled=false, networkConnectionEnabled=false, chrome={chromedriverVersion=2.29.461591 (62ebf098771772160f391d75e589dc567915b233), userDataDir=C:\Users\dell\AppData\Local\Temp\scoped_dir7424_14648}, takesHeapSnapshot=true, pageLoadStrategy=normal, databaseEnabled=false, handlesAlerts=true, hasTouchScreen=false, version=60.0.3112.113, platform=XP, browserConnectionEnabled=false, nativeEvents=true, acceptSslCerts=true, locationContextEnabled=true, webStorageEnabled=true, browserName=chrome, takesScreenshot=true, javascriptEnabled=true, cssSelectorsEnabled=true, unexpectedAlertBehaviour=}]&#10;Session ID: 06e96d11a10ee615b583340c536d5f75&#13;&#10;&#9;at sun.reflect.NativeConstructorAccessorImpl.newInstance0(Native Method)&#13;&#10;&#9;at sun.reflect.NativeConstructorAccessorImpl.newInstance(NativeConstructorAccessorImpl.java:62)&#13;&#10;&#9;at sun.reflect.DelegatingConstructorAccessorImpl.newInstance(DelegatingConstructorAccessorImpl.java:45)&#13;&#10;&#9;at java.lang.reflect.Constructor.newInstance(Constructor.java:423)&#13;&#10;&#9;at org.openqa.selenium.remote.ErrorHandler.createThrowable(ErrorHandler.java:216)&#13;&#10;&#9;at org.openqa.selenium.remote.ErrorHandler.throwIfResponseFailed(ErrorHandler.java:168)&#13;&#10;&#9;at org.openqa.selenium.remote.RemoteWebDriver.execute(RemoteWebDriver.java:638)&#13;&#10;&#9;at org.openqa.selenium.remote.RemoteWebElement.execute(RemoteWebElement.java:274)&#13;&#10;&#9;at org.openqa.selenium.remote.RemoteWebElement.click(RemoteWebElement.java:84)&#13;&#10;&#9;at pageObjects.LedgerReportDetail.selectAccount(LedgerReportDetail.java:61)&#13;&#10;&#9;at stepDef.MyStepDefs.select_account_on_ledger_report_detail_page(MyStepDefs.java:528)&#13;&#10;&#9;at ✽.And select account &quot;Axis Bank ltd&quot; on ledger report detail page(feature/Reports.feature:296)&#13;&#10;"><![CDATA[Given user enter "http://qaerp.franciscanecare.net".........................passed
When user enter username "admin" and password "Admin#franciscan"............passed
And passes school name "qaerp"..............................................passed
And click signin............................................................passed
Then account home page is opened............................................passed
When user opens ledger report detail page...................................passed
And select from date as month "May" year "2017" and day "1" on ledger report detail page.passed
And select to date as month "May" year "2017" and day "30" on ledger report detail page.passed
And select ledger group "Bank" on ledger report detail page.................passed
And select account "Axis Bank ltd" on ledger report detail page.............failed
And select consolidated report on ledger report detail page.................skipped
And select student wise on ledger report detail page........................skipped
Then click show to open ledger report detail................................skipped

StackTrace:
org.openqa.selenium.WebDriverException: unknown error: Element <button type="button" class="ui-multiselect ui-widget ui-state-default ui-corner-all" title="" aria-haspopup="true" tabindex="0" style="width: 200px;">...</button> is not clickable at point (189, 127). Other element would receive the click: <input placeholder="type here..." type="search">
  (Session info: chrome=60.0.3112.113)
  (Driver info: chromedriver=2.29.461591 (62ebf098771772160f391d75e589dc567915b233),platform=Windows NT 6.1.7601 SP1 x86_64) (WARNING: The server did not provide any stacktrace information)
Command duration or timeout: 37 milliseconds
Build info: version: '3.3.1', revision: '5234b325d5', time: '2017-03-10 09:10:29 +0000'
System info: host: 'DELL-PC', ip: '192.168.10.49', os.name: 'Windows 7', os.arch: 'amd64', os.version: '6.1', java.version: '1.8.0_121'
Driver info: org.openqa.selenium.chrome.ChromeDriver
Capabilities [{applicationCacheEnabled=false, rotatable=false, mobileEmulationEnabled=false, networkConnectionEnabled=false, chrome={chromedriverVersion=2.29.461591 (62ebf098771772160f391d75e589dc567915b233), userDataDir=C:\Users\dell\AppData\Local\Temp\scoped_dir7424_14648}, takesHeapSnapshot=true, pageLoadStrategy=normal, databaseEnabled=false, handlesAlerts=true, hasTouchScreen=false, version=60.0.3112.113, platform=XP, browserConnectionEnabled=false, nativeEvents=true, acceptSslCerts=true, locationContextEnabled=true, webStorageEnabled=true, browserName=chrome, takesScreenshot=true, javascriptEnabled=true, cssSelectorsEnabled=true, unexpectedAlertBehaviour=}]
Session ID: 06e96d11a10ee615b583340c536d5f75
	at sun.reflect.NativeConstructorAccessorImpl.newInstance0(Native Method)
	at sun.reflect.NativeConstructorAccessorImpl.newInstance(NativeConstructorAccessorImpl.java:62)
	at sun.reflect.DelegatingConstructorAccessorImpl.newInstance(DelegatingConstructorAccessorImpl.java:45)
	at java.lang.reflect.Constructor.newInstance(Constructor.java:423)
	at org.openqa.selenium.remote.ErrorHandler.createThrowable(ErrorHandler.java:216)
	at org.openqa.selenium.remote.ErrorHandler.throwIfResponseFailed(ErrorHandler.java:168)
	at org.openqa.selenium.remote.RemoteWebDriver.execute(RemoteWebDriver.java:638)
	at org.openqa.selenium.remote.RemoteWebElement.execute(RemoteWebElement.java:274)
	at org.openqa.selenium.remote.RemoteWebElement.click(RemoteWebElement.java:84)
	at pageObjects.LedgerReportDetail.selectAccount(LedgerReportDetail.java:61)
	at stepDef.MyStepDefs.select_account_on_ledger_report_detail_page(MyStepDefs.java:528)
	at ✽.And select account "Axis Bank ltd" on ledger report detail page(feature/Reports.feature:296)
]]></failure>
</testcase>
<testcase classname="Account reports" name="To open trial balance new" time="31.115664">
<failure message="org.openqa.selenium.WebDriverException: unknown error: Element &lt;button type=&quot;button&quot; class=&quot;ui-multiselect ui-widget ui-state-default ui-corner-all&quot; title=&quot;&quot; aria-haspopup=&quot;true&quot; tabindex=&quot;0&quot; style=&quot;width: 200px;&quot;&gt;...&lt;/button&gt; is not clickable at point (189, 127). Other element would receive the click: &lt;input placeholder=&quot;type here...&quot; type=&quot;search&quot;&gt;&#10;  (Session info: chrome=60.0.3112.113)&#10;  (Driver info: chromedriver=2.29.461591 (62ebf098771772160f391d75e589dc567915b233),platform=Windows NT 6.1.7601 SP1 x86_64) (WARNING: The server did not provide any stacktrace information)&#10;Command duration or timeout: 44 milliseconds&#10;Build info: version: '3.3.1', revision: '5234b325d5', time: '2017-03-10 09:10:29 +0000'&#10;System info: host: 'DELL-PC', ip: '192.168.10.49', os.name: 'Windows 7', os.arch: 'amd64', os.version: '6.1', java.version: '1.8.0_121'&#10;Driver info: org.openqa.selenium.chrome.ChromeDriver&#10;Capabilities [{applicationCacheEnabled=false, rotatable=false, mobileEmulationEnabled=false, networkConnectionEnabled=false, chrome={chromedriverVersion=2.29.461591 (62ebf098771772160f391d75e589dc567915b233), userDataDir=C:\Users\dell\AppData\Local\Temp\scoped_dir7508_23406}, takesHeapSnapshot=true, pageLoadStrategy=normal, databaseEnabled=false, handlesAlerts=true, hasTouchScreen=false, version=60.0.3112.113, platform=XP, browserConnectionEnabled=false, nativeEvents=true, acceptSslCerts=true, locationContextEnabled=true, webStorageEnabled=true, browserName=chrome, takesScreenshot=true, javascriptEnabled=true, cssSelectorsEnabled=true, unexpectedAlertBehaviour=}]&#10;Session ID: 5491dd13530d8637ffd72b19bc671f3c&#13;&#10;&#9;at sun.reflect.NativeConstructorAccessorImpl.newInstance0(Native Method)&#13;&#10;&#9;at sun.reflect.NativeConstructorAccessorImpl.newInstance(NativeConstructorAccessorImpl.java:62)&#13;&#10;&#9;at sun.reflect.DelegatingConstructorAccessorImpl.newInstance(DelegatingConstructorAccessorImpl.java:45)&#13;&#10;&#9;at java.lang.reflect.Constructor.newInstance(Constructor.java:423)&#13;&#10;&#9;at org.openqa.selenium.remote.ErrorHandler.createThrowable(ErrorHandler.java:216)&#13;&#10;&#9;at org.openqa.selenium.remote.ErrorHandler.throwIfResponseFailed(ErrorHandler.java:168)&#13;&#10;&#9;at org.openqa.selenium.remote.RemoteWebDriver.execute(RemoteWebDriver.java:638)&#13;&#10;&#9;at org.openqa.selenium.remote.RemoteWebElement.execute(RemoteWebElement.java:274)&#13;&#10;&#9;at org.openqa.selenium.remote.RemoteWebElement.click(RemoteWebElement.java:84)&#13;&#10;&#9;at pageObjects.TrialBalanceNew.selectAccount(TrialBalanceNew.java:61)&#13;&#10;&#9;at stepDef.MyStepDefs.select_account_on_trial_balance_new_page(MyStepDefs.java:577)&#13;&#10;&#9;at ✽.And select account &quot;Axis Bank ltd&quot; on trial balance new page(feature/Reports.feature:312)&#13;&#10;"><![CDATA[Given user enter "http://qaerp.franciscanecare.net".........................passed
When user enter username "admin" and password "Admin#franciscan"............passed
And passes school name "qaerp"..............................................passed
And click signin............................................................passed
Then account home page is opened............................................passed
When user opens trial balance new page......................................passed
And select from date as month "May" year "2017" and day "1" on trial balance new page.passed
And select to date as month "May" year "2017" and day "30" on trial balance new page.passed
And select ledger group "Bank" on trial balance new page....................passed
And select account "Axis Bank ltd" on trial balance new page................failed
Then click show to open trial balance new page..............................skipped

StackTrace:
org.openqa.selenium.WebDriverException: unknown error: Element <button type="button" class="ui-multiselect ui-widget ui-state-default ui-corner-all" title="" aria-haspopup="true" tabindex="0" style="width: 200px;">...</button> is not clickable at point (189, 127). Other element would receive the click: <input placeholder="type here..." type="search">
  (Session info: chrome=60.0.3112.113)
  (Driver info: chromedriver=2.29.461591 (62ebf098771772160f391d75e589dc567915b233),platform=Windows NT 6.1.7601 SP1 x86_64) (WARNING: The server did not provide any stacktrace information)
Command duration or timeout: 44 milliseconds
Build info: version: '3.3.1', revision: '5234b325d5', time: '2017-03-10 09:10:29 +0000'
System info: host: 'DELL-PC', ip: '192.168.10.49', os.name: 'Windows 7', os.arch: 'amd64', os.version: '6.1', java.version: '1.8.0_121'
Driver info: org.openqa.selenium.chrome.ChromeDriver
Capabilities [{applicationCacheEnabled=false, rotatable=false, mobileEmulationEnabled=false, networkConnectionEnabled=false, chrome={chromedriverVersion=2.29.461591 (62ebf098771772160f391d75e589dc567915b233), userDataDir=C:\Users\dell\AppData\Local\Temp\scoped_dir7508_23406}, takesHeapSnapshot=true, pageLoadStrategy=normal, databaseEnabled=false, handlesAlerts=true, hasTouchScreen=false, version=60.0.3112.113, platform=XP, browserConnectionEnabled=false, nativeEvents=true, acceptSslCerts=true, locationContextEnabled=true, webStorageEnabled=true, browserName=chrome, takesScreenshot=true, javascriptEnabled=true, cssSelectorsEnabled=true, unexpectedAlertBehaviour=}]
Session ID: 5491dd13530d8637ffd72b19bc671f3c
	at sun.reflect.NativeConstructorAccessorImpl.newInstance0(Native Method)
	at sun.reflect.NativeConstructorAccessorImpl.newInstance(NativeConstructorAccessorImpl.java:62)
	at sun.reflect.DelegatingConstructorAccessorImpl.newInstance(DelegatingConstructorAccessorImpl.java:45)
	at java.lang.reflect.Constructor.newInstance(Constructor.java:423)
	at org.openqa.selenium.remote.ErrorHandler.createThrowable(ErrorHandler.java:216)
	at org.openqa.selenium.remote.ErrorHandler.throwIfResponseFailed(ErrorHandler.java:168)
	at org.openqa.selenium.remote.RemoteWebDriver.execute(RemoteWebDriver.java:638)
	at org.openqa.selenium.remote.RemoteWebElement.execute(RemoteWebElement.java:274)
	at org.openqa.selenium.remote.RemoteWebElement.click(RemoteWebElement.java:84)
	at pageObjects.TrialBalanceNew.selectAccount(TrialBalanceNew.java:61)
	at stepDef.MyStepDefs.select_account_on_trial_balance_new_page(MyStepDefs.java:577)
	at ✽.And select account "Axis Bank ltd" on trial balance new page(feature/Reports.feature:312)
]]></failure>
</testcase>
<testcase classname="Account reports" name="To open ledger report detail without zero amount" time="32.491719">
<failure message="org.openqa.selenium.WebDriverException: unknown error: Element &lt;button type=&quot;button&quot; class=&quot;ui-multiselect ui-widget ui-state-default ui-corner-all&quot; title=&quot;&quot; aria-haspopup=&quot;true&quot; tabindex=&quot;0&quot; style=&quot;width: 200px;&quot;&gt;...&lt;/button&gt; is not clickable at point (189, 127). Other element would receive the click: &lt;input placeholder=&quot;type here...&quot; type=&quot;search&quot;&gt;&#10;  (Session info: chrome=60.0.3112.113)&#10;  (Driver info: chromedriver=2.29.461591 (62ebf098771772160f391d75e589dc567915b233),platform=Windows NT 6.1.7601 SP1 x86_64) (WARNING: The server did not provide any stacktrace information)&#10;Command duration or timeout: 49 milliseconds&#10;Build info: version: '3.3.1', revision: '5234b325d5', time: '2017-03-10 09:10:29 +0000'&#10;System info: host: 'DELL-PC', ip: '192.168.10.49', os.name: 'Windows 7', os.arch: 'amd64', os.version: '6.1', java.version: '1.8.0_121'&#10;Driver info: org.openqa.selenium.chrome.ChromeDriver&#10;Capabilities [{applicationCacheEnabled=false, rotatable=false, mobileEmulationEnabled=false, networkConnectionEnabled=false, chrome={chromedriverVersion=2.29.461591 (62ebf098771772160f391d75e589dc567915b233), userDataDir=C:\Users\dell\AppData\Local\Temp\scoped_dir6960_2000}, takesHeapSnapshot=true, pageLoadStrategy=normal, databaseEnabled=false, handlesAlerts=true, hasTouchScreen=false, version=60.0.3112.113, platform=XP, browserConnectionEnabled=false, nativeEvents=true, acceptSslCerts=true, locationContextEnabled=true, webStorageEnabled=true, browserName=chrome, takesScreenshot=true, javascriptEnabled=true, cssSelectorsEnabled=true, unexpectedAlertBehaviour=}]&#10;Session ID: bc8e5fff45dab5f120cf7a6df6c74db4&#13;&#10;&#9;at sun.reflect.NativeConstructorAccessorImpl.newInstance0(Native Method)&#13;&#10;&#9;at sun.reflect.NativeConstructorAccessorImpl.newInstance(NativeConstructorAccessorImpl.java:62)&#13;&#10;&#9;at sun.reflect.DelegatingConstructorAccessorImpl.newInstance(DelegatingConstructorAccessorImpl.java:45)&#13;&#10;&#9;at java.lang.reflect.Constructor.newInstance(Constructor.java:423)&#13;&#10;&#9;at org.openqa.selenium.remote.ErrorHandler.createThrowable(ErrorHandler.java:216)&#13;&#10;&#9;at org.openqa.selenium.remote.ErrorHandler.throwIfResponseFailed(ErrorHandler.java:168)&#13;&#10;&#9;at org.openqa.selenium.remote.RemoteWebDriver.execute(RemoteWebDriver.java:638)&#13;&#10;&#9;at org.openqa.selenium.remote.RemoteWebElement.execute(RemoteWebElement.java:274)&#13;&#10;&#9;at org.openqa.selenium.remote.RemoteWebElement.click(RemoteWebElement.java:84)&#13;&#10;&#9;at pageObjects.TrialBalanceNew.selectAccount(TrialBalanceNew.java:61)&#13;&#10;&#9;at stepDef.MyStepDefs.select_account_on_trial_balance_new_page(MyStepDefs.java:577)&#13;&#10;&#9;at ✽.And select account &quot;Axis Bank ltd&quot; on trial balance new page(feature/Reports.feature:325)&#13;&#10;"><![CDATA[Given user enter "http://qaerp.franciscanecare.net".........................passed
When user enter username "admin" and password "Admin#franciscan"............passed
And passes school name "qaerp"..............................................passed
And click signin............................................................passed
Then account home page is opened............................................passed
When user opens trial balance new page......................................passed
And select from date as month "May" year "2017" and day "1" on trial balance new page.passed
And select to date as month "May" year "2017" and day "30" on trial balance new page.passed
And select ledger group "Bank" on trial balance new page....................passed
And select account "Axis Bank ltd" on trial balance new page................failed
And select without zero amount on ledger report detail page.................skipped
Then click show to open trial balance new page..............................skipped

StackTrace:
org.openqa.selenium.WebDriverException: unknown error: Element <button type="button" class="ui-multiselect ui-widget ui-state-default ui-corner-all" title="" aria-haspopup="true" tabindex="0" style="width: 200px;">...</button> is not clickable at point (189, 127). Other element would receive the click: <input placeholder="type here..." type="search">
  (Session info: chrome=60.0.3112.113)
  (Driver info: chromedriver=2.29.461591 (62ebf098771772160f391d75e589dc567915b233),platform=Windows NT 6.1.7601 SP1 x86_64) (WARNING: The server did not provide any stacktrace information)
Command duration or timeout: 49 milliseconds
Build info: version: '3.3.1', revision: '5234b325d5', time: '2017-03-10 09:10:29 +0000'
System info: host: 'DELL-PC', ip: '192.168.10.49', os.name: 'Windows 7', os.arch: 'amd64', os.version: '6.1', java.version: '1.8.0_121'
Driver info: org.openqa.selenium.chrome.ChromeDriver
Capabilities [{applicationCacheEnabled=false, rotatable=false, mobileEmulationEnabled=false, networkConnectionEnabled=false, chrome={chromedriverVersion=2.29.461591 (62ebf098771772160f391d75e589dc567915b233), userDataDir=C:\Users\dell\AppData\Local\Temp\scoped_dir6960_2000}, takesHeapSnapshot=true, pageLoadStrategy=normal, databaseEnabled=false, handlesAlerts=true, hasTouchScreen=false, version=60.0.3112.113, platform=XP, browserConnectionEnabled=false, nativeEvents=true, acceptSslCerts=true, locationContextEnabled=true, webStorageEnabled=true, browserName=chrome, takesScreenshot=true, javascriptEnabled=true, cssSelectorsEnabled=true, unexpectedAlertBehaviour=}]
Session ID: bc8e5fff45dab5f120cf7a6df6c74db4
	at sun.reflect.NativeConstructorAccessorImpl.newInstance0(Native Method)
	at sun.reflect.NativeConstructorAccessorImpl.newInstance(NativeConstructorAccessorImpl.java:62)
	at sun.reflect.DelegatingConstructorAccessorImpl.newInstance(DelegatingConstructorAccessorImpl.java:45)
	at java.lang.reflect.Constructor.newInstance(Constructor.java:423)
	at org.openqa.selenium.remote.ErrorHandler.createThrowable(ErrorHandler.java:216)
	at org.openqa.selenium.remote.ErrorHandler.throwIfResponseFailed(ErrorHandler.java:168)
	at org.openqa.selenium.remote.RemoteWebDriver.execute(RemoteWebDriver.java:638)
	at org.openqa.selenium.remote.RemoteWebElement.execute(RemoteWebElement.java:274)
	at org.openqa.selenium.remote.RemoteWebElement.click(RemoteWebElement.java:84)
	at pageObjects.TrialBalanceNew.selectAccount(TrialBalanceNew.java:61)
	at stepDef.MyStepDefs.select_account_on_trial_balance_new_page(MyStepDefs.java:577)
	at ✽.And select account "Axis Bank ltd" on trial balance new page(feature/Reports.feature:325)
]]></failure>
</testcase>
<testcase classname="Account reports" name="To open ledger report detail closing without zero amount" time="31.493013">
<failure message="org.openqa.selenium.WebDriverException: unknown error: Element &lt;button type=&quot;button&quot; class=&quot;ui-multiselect ui-widget ui-state-default ui-corner-all&quot; title=&quot;&quot; aria-haspopup=&quot;true&quot; tabindex=&quot;0&quot; style=&quot;width: 200px;&quot;&gt;...&lt;/button&gt; is not clickable at point (189, 127). Other element would receive the click: &lt;input placeholder=&quot;type here...&quot; type=&quot;search&quot;&gt;&#10;  (Session info: chrome=60.0.3112.113)&#10;  (Driver info: chromedriver=2.29.461591 (62ebf098771772160f391d75e589dc567915b233),platform=Windows NT 6.1.7601 SP1 x86_64) (WARNING: The server did not provide any stacktrace information)&#10;Command duration or timeout: 39 milliseconds&#10;Build info: version: '3.3.1', revision: '5234b325d5', time: '2017-03-10 09:10:29 +0000'&#10;System info: host: 'DELL-PC', ip: '192.168.10.49', os.name: 'Windows 7', os.arch: 'amd64', os.version: '6.1', java.version: '1.8.0_121'&#10;Driver info: org.openqa.selenium.chrome.ChromeDriver&#10;Capabilities [{applicationCacheEnabled=false, rotatable=false, mobileEmulationEnabled=false, networkConnectionEnabled=false, chrome={chromedriverVersion=2.29.461591 (62ebf098771772160f391d75e589dc567915b233), userDataDir=C:\Users\dell\AppData\Local\Temp\scoped_dir7356_30401}, takesHeapSnapshot=true, pageLoadStrategy=normal, databaseEnabled=false, handlesAlerts=true, hasTouchScreen=false, version=60.0.3112.113, platform=XP, browserConnectionEnabled=false, nativeEvents=true, acceptSslCerts=true, locationContextEnabled=true, webStorageEnabled=true, browserName=chrome, takesScreenshot=true, javascriptEnabled=true, cssSelectorsEnabled=true, unexpectedAlertBehaviour=}]&#10;Session ID: 70d68b9af3238e07857c0579f9b435a8&#13;&#10;&#9;at sun.reflect.NativeConstructorAccessorImpl.newInstance0(Native Method)&#13;&#10;&#9;at sun.reflect.NativeConstructorAccessorImpl.newInstance(NativeConstructorAccessorImpl.java:62)&#13;&#10;&#9;at sun.reflect.DelegatingConstructorAccessorImpl.newInstance(DelegatingConstructorAccessorImpl.java:45)&#13;&#10;&#9;at java.lang.reflect.Constructor.newInstance(Constructor.java:423)&#13;&#10;&#9;at org.openqa.selenium.remote.ErrorHandler.createThrowable(ErrorHandler.java:216)&#13;&#10;&#9;at org.openqa.selenium.remote.ErrorHandler.throwIfResponseFailed(ErrorHandler.java:168)&#13;&#10;&#9;at org.openqa.selenium.remote.RemoteWebDriver.execute(RemoteWebDriver.java:638)&#13;&#10;&#9;at org.openqa.selenium.remote.RemoteWebElement.execute(RemoteWebElement.java:274)&#13;&#10;&#9;at org.openqa.selenium.remote.RemoteWebElement.click(RemoteWebElement.java:84)&#13;&#10;&#9;at pageObjects.TrialBalanceNew.selectAccount(TrialBalanceNew.java:61)&#13;&#10;&#9;at stepDef.MyStepDefs.select_account_on_trial_balance_new_page(MyStepDefs.java:577)&#13;&#10;&#9;at ✽.And select account &quot;Axis Bank ltd&quot; on trial balance new page(feature/Reports.feature:339)&#13;&#10;"><![CDATA[Given user enter "http://qaerp.franciscanecare.net".........................passed
When user enter username "admin" and password "Admin#franciscan"............passed
And passes school name "qaerp"..............................................passed
And click signin............................................................passed
Then account home page is opened............................................passed
When user opens trial balance new page......................................passed
And select from date as month "May" year "2017" and day "1" on trial balance new page.passed
And select to date as month "May" year "2017" and day "30" on trial balance new page.passed
And select ledger group "Bank" on trial balance new page....................passed
And select account "Axis Bank ltd" on trial balance new page................failed
And select closing without zero amount on ledger report detail page.........skipped
Then click show to open trial balance new page..............................skipped

StackTrace:
org.openqa.selenium.WebDriverException: unknown error: Element <button type="button" class="ui-multiselect ui-widget ui-state-default ui-corner-all" title="" aria-haspopup="true" tabindex="0" style="width: 200px;">...</button> is not clickable at point (189, 127). Other element would receive the click: <input placeholder="type here..." type="search">
  (Session info: chrome=60.0.3112.113)
  (Driver info: chromedriver=2.29.461591 (62ebf098771772160f391d75e589dc567915b233),platform=Windows NT 6.1.7601 SP1 x86_64) (WARNING: The server did not provide any stacktrace information)
Command duration or timeout: 39 milliseconds
Build info: version: '3.3.1', revision: '5234b325d5', time: '2017-03-10 09:10:29 +0000'
System info: host: 'DELL-PC', ip: '192.168.10.49', os.name: 'Windows 7', os.arch: 'amd64', os.version: '6.1', java.version: '1.8.0_121'
Driver info: org.openqa.selenium.chrome.ChromeDriver
Capabilities [{applicationCacheEnabled=false, rotatable=false, mobileEmulationEnabled=false, networkConnectionEnabled=false, chrome={chromedriverVersion=2.29.461591 (62ebf098771772160f391d75e589dc567915b233), userDataDir=C:\Users\dell\AppData\Local\Temp\scoped_dir7356_30401}, takesHeapSnapshot=true, pageLoadStrategy=normal, databaseEnabled=false, handlesAlerts=true, hasTouchScreen=false, version=60.0.3112.113, platform=XP, browserConnectionEnabled=false, nativeEvents=true, acceptSslCerts=true, locationContextEnabled=true, webStorageEnabled=true, browserName=chrome, takesScreenshot=true, javascriptEnabled=true, cssSelectorsEnabled=true, unexpectedAlertBehaviour=}]
Session ID: 70d68b9af3238e07857c0579f9b435a8
	at sun.reflect.NativeConstructorAccessorImpl.newInstance0(Native Method)
	at sun.reflect.NativeConstructorAccessorImpl.newInstance(NativeConstructorAccessorImpl.java:62)
	at sun.reflect.DelegatingConstructorAccessorImpl.newInstance(DelegatingConstructorAccessorImpl.java:45)
	at java.lang.reflect.Constructor.newInstance(Constructor.java:423)
	at org.openqa.selenium.remote.ErrorHandler.createThrowable(ErrorHandler.java:216)
	at org.openqa.selenium.remote.ErrorHandler.throwIfResponseFailed(ErrorHandler.java:168)
	at org.openqa.selenium.remote.RemoteWebDriver.execute(RemoteWebDriver.java:638)
	at org.openqa.selenium.remote.RemoteWebElement.execute(RemoteWebElement.java:274)
	at org.openqa.selenium.remote.RemoteWebElement.click(RemoteWebElement.java:84)
	at pageObjects.TrialBalanceNew.selectAccount(TrialBalanceNew.java:61)
	at stepDef.MyStepDefs.select_account_on_trial_balance_new_page(MyStepDefs.java:577)
	at ✽.And select account "Axis Bank ltd" on trial balance new page(feature/Reports.feature:339)
]]></failure>
</testcase>
<testcase classname="Account reports" name="To open ledger report detail when both checkboxes are selected" time="28.377594">
<failure message="org.openqa.selenium.WebDriverException: unknown error: Element &lt;button type=&quot;button&quot; class=&quot;ui-multiselect ui-widget ui-state-default ui-corner-all&quot; title=&quot;&quot; aria-haspopup=&quot;true&quot; tabindex=&quot;0&quot; style=&quot;width: 200px;&quot;&gt;...&lt;/button&gt; is not clickable at point (189, 127). Other element would receive the click: &lt;input placeholder=&quot;type here...&quot; type=&quot;search&quot;&gt;&#10;  (Session info: chrome=60.0.3112.113)&#10;  (Driver info: chromedriver=2.29.461591 (62ebf098771772160f391d75e589dc567915b233),platform=Windows NT 6.1.7601 SP1 x86_64) (WARNING: The server did not provide any stacktrace information)&#10;Command duration or timeout: 67 milliseconds&#10;Build info: version: '3.3.1', revision: '5234b325d5', time: '2017-03-10 09:10:29 +0000'&#10;System info: host: 'DELL-PC', ip: '192.168.10.49', os.name: 'Windows 7', os.arch: 'amd64', os.version: '6.1', java.version: '1.8.0_121'&#10;Driver info: org.openqa.selenium.chrome.ChromeDriver&#10;Capabilities [{applicationCacheEnabled=false, rotatable=false, mobileEmulationEnabled=false, networkConnectionEnabled=false, chrome={chromedriverVersion=2.29.461591 (62ebf098771772160f391d75e589dc567915b233), userDataDir=C:\Users\dell\AppData\Local\Temp\scoped_dir7780_18072}, takesHeapSnapshot=true, pageLoadStrategy=normal, databaseEnabled=false, handlesAlerts=true, hasTouchScreen=false, version=60.0.3112.113, platform=XP, browserConnectionEnabled=false, nativeEvents=true, acceptSslCerts=true, locationContextEnabled=true, webStorageEnabled=true, browserName=chrome, takesScreenshot=true, javascriptEnabled=true, cssSelectorsEnabled=true, unexpectedAlertBehaviour=}]&#10;Session ID: 7778107caa3f6f43c9bd05632b2e3852&#13;&#10;&#9;at sun.reflect.NativeConstructorAccessorImpl.newInstance0(Native Method)&#13;&#10;&#9;at sun.reflect.NativeConstructorAccessorImpl.newInstance(NativeConstructorAccessorImpl.java:62)&#13;&#10;&#9;at sun.reflect.DelegatingConstructorAccessorImpl.newInstance(DelegatingConstructorAccessorImpl.java:45)&#13;&#10;&#9;at java.lang.reflect.Constructor.newInstance(Constructor.java:423)&#13;&#10;&#9;at org.openqa.selenium.remote.ErrorHandler.createThrowable(ErrorHandler.java:216)&#13;&#10;&#9;at org.openqa.selenium.remote.ErrorHandler.throwIfResponseFailed(ErrorHandler.java:168)&#13;&#10;&#9;at org.openqa.selenium.remote.RemoteWebDriver.execute(RemoteWebDriver.java:638)&#13;&#10;&#9;at org.openqa.selenium.remote.RemoteWebElement.execute(RemoteWebElement.java:274)&#13;&#10;&#9;at org.openqa.selenium.remote.RemoteWebElement.click(RemoteWebElement.java:84)&#13;&#10;&#9;at pageObjects.TrialBalanceNew.selectAccount(TrialBalanceNew.java:61)&#13;&#10;&#9;at stepDef.MyStepDefs.select_account_on_trial_balance_new_page(MyStepDefs.java:577)&#13;&#10;&#9;at ✽.And select account &quot;Axis Bank ltd&quot; on trial balance new page(feature/Reports.feature:353)&#13;&#10;"><![CDATA[Given user enter "http://qaerp.franciscanecare.net".........................passed
When user enter username "admin" and password "Admin#franciscan"............passed
And passes school name "qaerp"..............................................passed
And click signin............................................................passed
Then account home page is opened............................................passed
When user opens trial balance new page......................................passed
And select from date as month "May" year "2017" and day "1" on trial balance new page.passed
And select to date as month "May" year "2017" and day "30" on trial balance new page.passed
And select ledger group "Bank" on trial balance new page....................passed
And select account "Axis Bank ltd" on trial balance new page................failed
And select without zero amount on ledger report detail page.................skipped
And select closing without zero amount on ledger report detail page.........skipped
Then click show to open trial balance new page..............................skipped

StackTrace:
org.openqa.selenium.WebDriverException: unknown error: Element <button type="button" class="ui-multiselect ui-widget ui-state-default ui-corner-all" title="" aria-haspopup="true" tabindex="0" style="width: 200px;">...</button> is not clickable at point (189, 127). Other element would receive the click: <input placeholder="type here..." type="search">
  (Session info: chrome=60.0.3112.113)
  (Driver info: chromedriver=2.29.461591 (62ebf098771772160f391d75e589dc567915b233),platform=Windows NT 6.1.7601 SP1 x86_64) (WARNING: The server did not provide any stacktrace information)
Command duration or timeout: 67 milliseconds
Build info: version: '3.3.1', revision: '5234b325d5', time: '2017-03-10 09:10:29 +0000'
System info: host: 'DELL-PC', ip: '192.168.10.49', os.name: 'Windows 7', os.arch: 'amd64', os.version: '6.1', java.version: '1.8.0_121'
Driver info: org.openqa.selenium.chrome.ChromeDriver
Capabilities [{applicationCacheEnabled=false, rotatable=false, mobileEmulationEnabled=false, networkConnectionEnabled=false, chrome={chromedriverVersion=2.29.461591 (62ebf098771772160f391d75e589dc567915b233), userDataDir=C:\Users\dell\AppData\Local\Temp\scoped_dir7780_18072}, takesHeapSnapshot=true, pageLoadStrategy=normal, databaseEnabled=false, handlesAlerts=true, hasTouchScreen=false, version=60.0.3112.113, platform=XP, browserConnectionEnabled=false, nativeEvents=true, acceptSslCerts=true, locationContextEnabled=true, webStorageEnabled=true, browserName=chrome, takesScreenshot=true, javascriptEnabled=true, cssSelectorsEnabled=true, unexpectedAlertBehaviour=}]
Session ID: 7778107caa3f6f43c9bd05632b2e3852
	at sun.reflect.NativeConstructorAccessorImpl.newInstance0(Native Method)
	at sun.reflect.NativeConstructorAccessorImpl.newInstance(NativeConstructorAccessorImpl.java:62)
	at sun.reflect.DelegatingConstructorAccessorImpl.newInstance(DelegatingConstructorAccessorImpl.java:45)
	at java.lang.reflect.Constructor.newInstance(Constructor.java:423)
	at org.openqa.selenium.remote.ErrorHandler.createThrowable(ErrorHandler.java:216)
	at org.openqa.selenium.remote.ErrorHandler.throwIfResponseFailed(ErrorHandler.java:168)
	at org.openqa.selenium.remote.RemoteWebDriver.execute(RemoteWebDriver.java:638)
	at org.openqa.selenium.remote.RemoteWebElement.execute(RemoteWebElement.java:274)
	at org.openqa.selenium.remote.RemoteWebElement.click(RemoteWebElement.java:84)
	at pageObjects.TrialBalanceNew.selectAccount(TrialBalanceNew.java:61)
	at stepDef.MyStepDefs.select_account_on_trial_balance_new_page(MyStepDefs.java:577)
	at ✽.And select account "Axis Bank ltd" on trial balance new page(feature/Reports.feature:353)
]]></failure>
</testcase>
<testcase classname="Account reports" name="To open trial balance without opening group wise" time="25.926237">
<failure message="org.openqa.selenium.WebDriverException: unknown error: Element &lt;button type=&quot;button&quot; class=&quot;ui-multiselect ui-widget ui-state-default ui-corner-all&quot; title=&quot;&quot; aria-haspopup=&quot;true&quot; tabindex=&quot;0&quot; style=&quot;width: 200px;&quot;&gt;...&lt;/button&gt; is not clickable at point (189, 127). Other element would receive the click: &lt;span&gt;...&lt;/span&gt;&#10;  (Session info: chrome=60.0.3112.113)&#10;  (Driver info: chromedriver=2.29.461591 (62ebf098771772160f391d75e589dc567915b233),platform=Windows NT 6.1.7601 SP1 x86_64) (WARNING: The server did not provide any stacktrace information)&#10;Command duration or timeout: 45 milliseconds&#10;Build info: version: '3.3.1', revision: '5234b325d5', time: '2017-03-10 09:10:29 +0000'&#10;System info: host: 'DELL-PC', ip: '192.168.10.49', os.name: 'Windows 7', os.arch: 'amd64', os.version: '6.1', java.version: '1.8.0_121'&#10;Driver info: org.openqa.selenium.chrome.ChromeDriver&#10;Capabilities [{applicationCacheEnabled=false, rotatable=false, mobileEmulationEnabled=false, networkConnectionEnabled=false, chrome={chromedriverVersion=2.29.461591 (62ebf098771772160f391d75e589dc567915b233), userDataDir=C:\Users\dell\AppData\Local\Temp\scoped_dir6592_27100}, takesHeapSnapshot=true, pageLoadStrategy=normal, databaseEnabled=false, handlesAlerts=true, hasTouchScreen=false, version=60.0.3112.113, platform=XP, browserConnectionEnabled=false, nativeEvents=true, acceptSslCerts=true, locationContextEnabled=true, webStorageEnabled=true, browserName=chrome, takesScreenshot=true, javascriptEnabled=true, cssSelectorsEnabled=true, unexpectedAlertBehaviour=}]&#10;Session ID: 472e9340aec301426ca184cdf2cd0a33&#13;&#10;&#9;at sun.reflect.NativeConstructorAccessorImpl.newInstance0(Native Method)&#13;&#10;&#9;at sun.reflect.NativeConstructorAccessorImpl.newInstance(NativeConstructorAccessorImpl.java:62)&#13;&#10;&#9;at sun.reflect.DelegatingConstructorAccessorImpl.newInstance(DelegatingConstructorAccessorImpl.java:45)&#13;&#10;&#9;at java.lang.reflect.Constructor.newInstance(Constructor.java:423)&#13;&#10;&#9;at org.openqa.selenium.remote.ErrorHandler.createThrowable(ErrorHandler.java:216)&#13;&#10;&#9;at org.openqa.selenium.remote.ErrorHandler.throwIfResponseFailed(ErrorHandler.java:168)&#13;&#10;&#9;at org.openqa.selenium.remote.RemoteWebDriver.execute(RemoteWebDriver.java:638)&#13;&#10;&#9;at org.openqa.selenium.remote.RemoteWebElement.execute(RemoteWebElement.java:274)&#13;&#10;&#9;at org.openqa.selenium.remote.RemoteWebElement.click(RemoteWebElement.java:84)&#13;&#10;&#9;at pageObjects.TrialBalance.selectAccount(TrialBalance.java:59)&#13;&#10;&#9;at stepDef.MyStepDefs.select_account_on_trial_balance_page(MyStepDefs.java:626)&#13;&#10;&#9;at ✽.And select account &quot;Axis Bank ltd&quot; on trial balance page(feature/Reports.feature:369)&#13;&#10;"><![CDATA[Given user enter "http://qaerp.franciscanecare.net".........................passed
When user enter username "admin" and password "Admin#franciscan"............passed
And passes school name "qaerp"..............................................passed
And click signin............................................................passed
Then account home page is opened............................................passed
When user opens trial balance page..........................................passed
And select from date as month "May" year "2017" and day "1" on trial balance page.passed
And select to date as month "May" year "2017" and day "30" on trial balance page.passed
And select ledger group "Bank" on trial balance page........................passed
And select account "Axis Bank ltd" on trial balance page....................failed
And click opening "without opening" on trial balance page...................skipped
And click "group wise" on trial balance page................................skipped
Then click show to open trial balance page..................................skipped

StackTrace:
org.openqa.selenium.WebDriverException: unknown error: Element <button type="button" class="ui-multiselect ui-widget ui-state-default ui-corner-all" title="" aria-haspopup="true" tabindex="0" style="width: 200px;">...</button> is not clickable at point (189, 127). Other element would receive the click: <span>...</span>
  (Session info: chrome=60.0.3112.113)
  (Driver info: chromedriver=2.29.461591 (62ebf098771772160f391d75e589dc567915b233),platform=Windows NT 6.1.7601 SP1 x86_64) (WARNING: The server did not provide any stacktrace information)
Command duration or timeout: 45 milliseconds
Build info: version: '3.3.1', revision: '5234b325d5', time: '2017-03-10 09:10:29 +0000'
System info: host: 'DELL-PC', ip: '192.168.10.49', os.name: 'Windows 7', os.arch: 'amd64', os.version: '6.1', java.version: '1.8.0_121'
Driver info: org.openqa.selenium.chrome.ChromeDriver
Capabilities [{applicationCacheEnabled=false, rotatable=false, mobileEmulationEnabled=false, networkConnectionEnabled=false, chrome={chromedriverVersion=2.29.461591 (62ebf098771772160f391d75e589dc567915b233), userDataDir=C:\Users\dell\AppData\Local\Temp\scoped_dir6592_27100}, takesHeapSnapshot=true, pageLoadStrategy=normal, databaseEnabled=false, handlesAlerts=true, hasTouchScreen=false, version=60.0.3112.113, platform=XP, browserConnectionEnabled=false, nativeEvents=true, acceptSslCerts=true, locationContextEnabled=true, webStorageEnabled=true, browserName=chrome, takesScreenshot=true, javascriptEnabled=true, cssSelectorsEnabled=true, unexpectedAlertBehaviour=}]
Session ID: 472e9340aec301426ca184cdf2cd0a33
	at sun.reflect.NativeConstructorAccessorImpl.newInstance0(Native Method)
	at sun.reflect.NativeConstructorAccessorImpl.newInstance(NativeConstructorAccessorImpl.java:62)
	at sun.reflect.DelegatingConstructorAccessorImpl.newInstance(DelegatingConstructorAccessorImpl.java:45)
	at java.lang.reflect.Constructor.newInstance(Constructor.java:423)
	at org.openqa.selenium.remote.ErrorHandler.createThrowable(ErrorHandler.java:216)
	at org.openqa.selenium.remote.ErrorHandler.throwIfResponseFailed(ErrorHandler.java:168)
	at org.openqa.selenium.remote.RemoteWebDriver.execute(RemoteWebDriver.java:638)
	at org.openqa.selenium.remote.RemoteWebElement.execute(RemoteWebElement.java:274)
	at org.openqa.selenium.remote.RemoteWebElement.click(RemoteWebElement.java:84)
	at pageObjects.TrialBalance.selectAccount(TrialBalance.java:59)
	at stepDef.MyStepDefs.select_account_on_trial_balance_page(MyStepDefs.java:626)
	at ✽.And select account "Axis Bank ltd" on trial balance page(feature/Reports.feature:369)
]]></failure>
</testcase>
<testcase classname="Account reports" name="To open trial balance without opening ledger wise" time="27.461635">
<failure message="org.openqa.selenium.WebDriverException: unknown error: Element &lt;button type=&quot;button&quot; class=&quot;ui-multiselect ui-widget ui-state-default ui-corner-all&quot; title=&quot;&quot; aria-haspopup=&quot;true&quot; tabindex=&quot;0&quot; style=&quot;width: 200px;&quot;&gt;...&lt;/button&gt; is not clickable at point (189, 127). Other element would receive the click: &lt;span&gt;...&lt;/span&gt;&#10;  (Session info: chrome=60.0.3112.113)&#10;  (Driver info: chromedriver=2.29.461591 (62ebf098771772160f391d75e589dc567915b233),platform=Windows NT 6.1.7601 SP1 x86_64) (WARNING: The server did not provide any stacktrace information)&#10;Command duration or timeout: 49 milliseconds&#10;Build info: version: '3.3.1', revision: '5234b325d5', time: '2017-03-10 09:10:29 +0000'&#10;System info: host: 'DELL-PC', ip: '192.168.10.49', os.name: 'Windows 7', os.arch: 'amd64', os.version: '6.1', java.version: '1.8.0_121'&#10;Driver info: org.openqa.selenium.chrome.ChromeDriver&#10;Capabilities [{applicationCacheEnabled=false, rotatable=false, mobileEmulationEnabled=false, networkConnectionEnabled=false, chrome={chromedriverVersion=2.29.461591 (62ebf098771772160f391d75e589dc567915b233), userDataDir=C:\Users\dell\AppData\Local\Temp\scoped_dir6296_11006}, takesHeapSnapshot=true, pageLoadStrategy=normal, databaseEnabled=false, handlesAlerts=true, hasTouchScreen=false, version=60.0.3112.113, platform=XP, browserConnectionEnabled=false, nativeEvents=true, acceptSslCerts=true, locationContextEnabled=true, webStorageEnabled=true, browserName=chrome, takesScreenshot=true, javascriptEnabled=true, cssSelectorsEnabled=true, unexpectedAlertBehaviour=}]&#10;Session ID: 2a0f39e2a99b1d4ac9a8c2731b39c125&#13;&#10;&#9;at sun.reflect.NativeConstructorAccessorImpl.newInstance0(Native Method)&#13;&#10;&#9;at sun.reflect.NativeConstructorAccessorImpl.newInstance(NativeConstructorAccessorImpl.java:62)&#13;&#10;&#9;at sun.reflect.DelegatingConstructorAccessorImpl.newInstance(DelegatingConstructorAccessorImpl.java:45)&#13;&#10;&#9;at java.lang.reflect.Constructor.newInstance(Constructor.java:423)&#13;&#10;&#9;at org.openqa.selenium.remote.ErrorHandler.createThrowable(ErrorHandler.java:216)&#13;&#10;&#9;at org.openqa.selenium.remote.ErrorHandler.throwIfResponseFailed(ErrorHandler.java:168)&#13;&#10;&#9;at org.openqa.selenium.remote.RemoteWebDriver.execute(RemoteWebDriver.java:638)&#13;&#10;&#9;at org.openqa.selenium.remote.RemoteWebElement.execute(RemoteWebElement.java:274)&#13;&#10;&#9;at org.openqa.selenium.remote.RemoteWebElement.click(RemoteWebElement.java:84)&#13;&#10;&#9;at pageObjects.TrialBalance.selectAccount(TrialBalance.java:59)&#13;&#10;&#9;at stepDef.MyStepDefs.select_account_on_trial_balance_page(MyStepDefs.java:626)&#13;&#10;&#9;at ✽.And select account &quot;Axis Bank ltd&quot; on trial balance page(feature/Reports.feature:384)&#13;&#10;"><![CDATA[Given user enter "http://qaerp.franciscanecare.net".........................passed
When user enter username "admin" and password "Admin#franciscan"............passed
And passes school name "qaerp"..............................................passed
And click signin............................................................passed
Then account home page is opened............................................passed
When user opens trial balance page..........................................passed
And select from date as month "May" year "2017" and day "1" on trial balance page.passed
And select to date as month "May" year "2017" and day "30" on trial balance page.passed
And select ledger group "Bank" on trial balance page........................passed
And select account "Axis Bank ltd" on trial balance page....................failed
And click opening "without opening" on trial balance page...................skipped
And click "ledger wise" on trial balance page...............................skipped
Then click show to open trial balance page..................................skipped

StackTrace:
org.openqa.selenium.WebDriverException: unknown error: Element <button type="button" class="ui-multiselect ui-widget ui-state-default ui-corner-all" title="" aria-haspopup="true" tabindex="0" style="width: 200px;">...</button> is not clickable at point (189, 127). Other element would receive the click: <span>...</span>
  (Session info: chrome=60.0.3112.113)
  (Driver info: chromedriver=2.29.461591 (62ebf098771772160f391d75e589dc567915b233),platform=Windows NT 6.1.7601 SP1 x86_64) (WARNING: The server did not provide any stacktrace information)
Command duration or timeout: 49 milliseconds
Build info: version: '3.3.1', revision: '5234b325d5', time: '2017-03-10 09:10:29 +0000'
System info: host: 'DELL-PC', ip: '192.168.10.49', os.name: 'Windows 7', os.arch: 'amd64', os.version: '6.1', java.version: '1.8.0_121'
Driver info: org.openqa.selenium.chrome.ChromeDriver
Capabilities [{applicationCacheEnabled=false, rotatable=false, mobileEmulationEnabled=false, networkConnectionEnabled=false, chrome={chromedriverVersion=2.29.461591 (62ebf098771772160f391d75e589dc567915b233), userDataDir=C:\Users\dell\AppData\Local\Temp\scoped_dir6296_11006}, takesHeapSnapshot=true, pageLoadStrategy=normal, databaseEnabled=false, handlesAlerts=true, hasTouchScreen=false, version=60.0.3112.113, platform=XP, browserConnectionEnabled=false, nativeEvents=true, acceptSslCerts=true, locationContextEnabled=true, webStorageEnabled=true, browserName=chrome, takesScreenshot=true, javascriptEnabled=true, cssSelectorsEnabled=true, unexpectedAlertBehaviour=}]
Session ID: 2a0f39e2a99b1d4ac9a8c2731b39c125
	at sun.reflect.NativeConstructorAccessorImpl.newInstance0(Native Method)
	at sun.reflect.NativeConstructorAccessorImpl.newInstance(NativeConstructorAccessorImpl.java:62)
	at sun.reflect.DelegatingConstructorAccessorImpl.newInstance(DelegatingConstructorAccessorImpl.java:45)
	at java.lang.reflect.Constructor.newInstance(Constructor.java:423)
	at org.openqa.selenium.remote.ErrorHandler.createThrowable(ErrorHandler.java:216)
	at org.openqa.selenium.remote.ErrorHandler.throwIfResponseFailed(ErrorHandler.java:168)
	at org.openqa.selenium.remote.RemoteWebDriver.execute(RemoteWebDriver.java:638)
	at org.openqa.selenium.remote.RemoteWebElement.execute(RemoteWebElement.java:274)
	at org.openqa.selenium.remote.RemoteWebElement.click(RemoteWebElement.java:84)
	at pageObjects.TrialBalance.selectAccount(TrialBalance.java:59)
	at stepDef.MyStepDefs.select_account_on_trial_balance_page(MyStepDefs.java:626)
	at ✽.And select account "Axis Bank ltd" on trial balance page(feature/Reports.feature:384)
]]></failure>
</testcase>
<testcase classname="Account reports" name="To open trial balance with opening group wise" time="26.495506">
<failure message="org.openqa.selenium.WebDriverException: unknown error: Element &lt;button type=&quot;button&quot; class=&quot;ui-multiselect ui-widget ui-state-default ui-corner-all&quot; title=&quot;&quot; aria-haspopup=&quot;true&quot; tabindex=&quot;0&quot; style=&quot;width: 200px;&quot;&gt;...&lt;/button&gt; is not clickable at point (189, 127). Other element would receive the click: &lt;span&gt;...&lt;/span&gt;&#10;  (Session info: chrome=60.0.3112.113)&#10;  (Driver info: chromedriver=2.29.461591 (62ebf098771772160f391d75e589dc567915b233),platform=Windows NT 6.1.7601 SP1 x86_64) (WARNING: The server did not provide any stacktrace information)&#10;Command duration or timeout: 41 milliseconds&#10;Build info: version: '3.3.1', revision: '5234b325d5', time: '2017-03-10 09:10:29 +0000'&#10;System info: host: 'DELL-PC', ip: '192.168.10.49', os.name: 'Windows 7', os.arch: 'amd64', os.version: '6.1', java.version: '1.8.0_121'&#10;Driver info: org.openqa.selenium.chrome.ChromeDriver&#10;Capabilities [{applicationCacheEnabled=false, rotatable=false, mobileEmulationEnabled=false, networkConnectionEnabled=false, chrome={chromedriverVersion=2.29.461591 (62ebf098771772160f391d75e589dc567915b233), userDataDir=C:\Users\dell\AppData\Local\Temp\scoped_dir6572_20141}, takesHeapSnapshot=true, pageLoadStrategy=normal, databaseEnabled=false, handlesAlerts=true, hasTouchScreen=false, version=60.0.3112.113, platform=XP, browserConnectionEnabled=false, nativeEvents=true, acceptSslCerts=true, locationContextEnabled=true, webStorageEnabled=true, browserName=chrome, takesScreenshot=true, javascriptEnabled=true, cssSelectorsEnabled=true, unexpectedAlertBehaviour=}]&#10;Session ID: efc5f057b25c1d6abaadba4d8296ccf5&#13;&#10;&#9;at sun.reflect.NativeConstructorAccessorImpl.newInstance0(Native Method)&#13;&#10;&#9;at sun.reflect.NativeConstructorAccessorImpl.newInstance(NativeConstructorAccessorImpl.java:62)&#13;&#10;&#9;at sun.reflect.DelegatingConstructorAccessorImpl.newInstance(DelegatingConstructorAccessorImpl.java:45)&#13;&#10;&#9;at java.lang.reflect.Constructor.newInstance(Constructor.java:423)&#13;&#10;&#9;at org.openqa.selenium.remote.ErrorHandler.createThrowable(ErrorHandler.java:216)&#13;&#10;&#9;at org.openqa.selenium.remote.ErrorHandler.throwIfResponseFailed(ErrorHandler.java:168)&#13;&#10;&#9;at org.openqa.selenium.remote.RemoteWebDriver.execute(RemoteWebDriver.java:638)&#13;&#10;&#9;at org.openqa.selenium.remote.RemoteWebElement.execute(RemoteWebElement.java:274)&#13;&#10;&#9;at org.openqa.selenium.remote.RemoteWebElement.click(RemoteWebElement.java:84)&#13;&#10;&#9;at pageObjects.TrialBalance.selectAccount(TrialBalance.java:59)&#13;&#10;&#9;at stepDef.MyStepDefs.select_account_on_trial_balance_page(MyStepDefs.java:626)&#13;&#10;&#9;at ✽.And select account &quot;Axis Bank ltd&quot; on trial balance page(feature/Reports.feature:399)&#13;&#10;"><![CDATA[Given user enter "http://qaerp.franciscanecare.net".........................passed
When user enter username "admin" and password "Admin#franciscan"............passed
And passes school name "qaerp"..............................................passed
And click signin............................................................passed
Then account home page is opened............................................passed
When user opens trial balance page..........................................passed
And select from date as month "May" year "2017" and day "1" on trial balance page.passed
And select to date as month "May" year "2017" and day "30" on trial balance page.passed
And select ledger group "Bank" on trial balance page........................passed
And select account "Axis Bank ltd" on trial balance page....................failed
And click opening "with opening" on trial balance page......................skipped
And click "group wise" on trial balance page................................skipped
Then click show to open trial balance page..................................skipped

StackTrace:
org.openqa.selenium.WebDriverException: unknown error: Element <button type="button" class="ui-multiselect ui-widget ui-state-default ui-corner-all" title="" aria-haspopup="true" tabindex="0" style="width: 200px;">...</button> is not clickable at point (189, 127). Other element would receive the click: <span>...</span>
  (Session info: chrome=60.0.3112.113)
  (Driver info: chromedriver=2.29.461591 (62ebf098771772160f391d75e589dc567915b233),platform=Windows NT 6.1.7601 SP1 x86_64) (WARNING: The server did not provide any stacktrace information)
Command duration or timeout: 41 milliseconds
Build info: version: '3.3.1', revision: '5234b325d5', time: '2017-03-10 09:10:29 +0000'
System info: host: 'DELL-PC', ip: '192.168.10.49', os.name: 'Windows 7', os.arch: 'amd64', os.version: '6.1', java.version: '1.8.0_121'
Driver info: org.openqa.selenium.chrome.ChromeDriver
Capabilities [{applicationCacheEnabled=false, rotatable=false, mobileEmulationEnabled=false, networkConnectionEnabled=false, chrome={chromedriverVersion=2.29.461591 (62ebf098771772160f391d75e589dc567915b233), userDataDir=C:\Users\dell\AppData\Local\Temp\scoped_dir6572_20141}, takesHeapSnapshot=true, pageLoadStrategy=normal, databaseEnabled=false, handlesAlerts=true, hasTouchScreen=false, version=60.0.3112.113, platform=XP, browserConnectionEnabled=false, nativeEvents=true, acceptSslCerts=true, locationContextEnabled=true, webStorageEnabled=true, browserName=chrome, takesScreenshot=true, javascriptEnabled=true, cssSelectorsEnabled=true, unexpectedAlertBehaviour=}]
Session ID: efc5f057b25c1d6abaadba4d8296ccf5
	at sun.reflect.NativeConstructorAccessorImpl.newInstance0(Native Method)
	at sun.reflect.NativeConstructorAccessorImpl.newInstance(NativeConstructorAccessorImpl.java:62)
	at sun.reflect.DelegatingConstructorAccessorImpl.newInstance(DelegatingConstructorAccessorImpl.java:45)
	at java.lang.reflect.Constructor.newInstance(Constructor.java:423)
	at org.openqa.selenium.remote.ErrorHandler.createThrowable(ErrorHandler.java:216)
	at org.openqa.selenium.remote.ErrorHandler.throwIfResponseFailed(ErrorHandler.java:168)
	at org.openqa.selenium.remote.RemoteWebDriver.execute(RemoteWebDriver.java:638)
	at org.openqa.selenium.remote.RemoteWebElement.execute(RemoteWebElement.java:274)
	at org.openqa.selenium.remote.RemoteWebElement.click(RemoteWebElement.java:84)
	at pageObjects.TrialBalance.selectAccount(TrialBalance.java:59)
	at stepDef.MyStepDefs.select_account_on_trial_balance_page(MyStepDefs.java:626)
	at ✽.And select account "Axis Bank ltd" on trial balance page(feature/Reports.feature:399)
]]></failure>
</testcase>
<testcase classname="Account reports" name="To open trial balance with opening ledger wise" time="25.390243">
<failure message="org.openqa.selenium.WebDriverException: unknown error: Element &lt;button type=&quot;button&quot; class=&quot;ui-multiselect ui-widget ui-state-default ui-corner-all&quot; title=&quot;&quot; aria-haspopup=&quot;true&quot; tabindex=&quot;0&quot; style=&quot;width: 200px;&quot;&gt;...&lt;/button&gt; is not clickable at point (189, 127). Other element would receive the click: &lt;span&gt;...&lt;/span&gt;&#10;  (Session info: chrome=60.0.3112.113)&#10;  (Driver info: chromedriver=2.29.461591 (62ebf098771772160f391d75e589dc567915b233),platform=Windows NT 6.1.7601 SP1 x86_64) (WARNING: The server did not provide any stacktrace information)&#10;Command duration or timeout: 46 milliseconds&#10;Build info: version: '3.3.1', revision: '5234b325d5', time: '2017-03-10 09:10:29 +0000'&#10;System info: host: 'DELL-PC', ip: '192.168.10.49', os.name: 'Windows 7', os.arch: 'amd64', os.version: '6.1', java.version: '1.8.0_121'&#10;Driver info: org.openqa.selenium.chrome.ChromeDriver&#10;Capabilities [{applicationCacheEnabled=false, rotatable=false, mobileEmulationEnabled=false, networkConnectionEnabled=false, chrome={chromedriverVersion=2.29.461591 (62ebf098771772160f391d75e589dc567915b233), userDataDir=C:\Users\dell\AppData\Local\Temp\scoped_dir5976_28634}, takesHeapSnapshot=true, pageLoadStrategy=normal, databaseEnabled=false, handlesAlerts=true, hasTouchScreen=false, version=60.0.3112.113, platform=XP, browserConnectionEnabled=false, nativeEvents=true, acceptSslCerts=true, locationContextEnabled=true, webStorageEnabled=true, browserName=chrome, takesScreenshot=true, javascriptEnabled=true, cssSelectorsEnabled=true, unexpectedAlertBehaviour=}]&#10;Session ID: de8f41d47724b90ffb996bf752e770f0&#13;&#10;&#9;at sun.reflect.GeneratedConstructorAccessor27.newInstance(Unknown Source)&#13;&#10;&#9;at sun.reflect.DelegatingConstructorAccessorImpl.newInstance(DelegatingConstructorAccessorImpl.java:45)&#13;&#10;&#9;at java.lang.reflect.Constructor.newInstance(Constructor.java:423)&#13;&#10;&#9;at org.openqa.selenium.remote.ErrorHandler.createThrowable(ErrorHandler.java:216)&#13;&#10;&#9;at org.openqa.selenium.remote.ErrorHandler.throwIfResponseFailed(ErrorHandler.java:168)&#13;&#10;&#9;at org.openqa.selenium.remote.RemoteWebDriver.execute(RemoteWebDriver.java:638)&#13;&#10;&#9;at org.openqa.selenium.remote.RemoteWebElement.execute(RemoteWebElement.java:274)&#13;&#10;&#9;at org.openqa.selenium.remote.RemoteWebElement.click(RemoteWebElement.java:84)&#13;&#10;&#9;at pageObjects.TrialBalance.selectAccount(TrialBalance.java:59)&#13;&#10;&#9;at stepDef.MyStepDefs.select_account_on_trial_balance_page(MyStepDefs.java:626)&#13;&#10;&#9;at ✽.And select account &quot;Axis Bank ltd&quot; on trial balance page(feature/Reports.feature:414)&#13;&#10;"><![CDATA[Given user enter "http://qaerp.franciscanecare.net".........................passed
When user enter username "admin" and password "Admin#franciscan"............passed
And passes school name "qaerp"..............................................passed
And click signin............................................................passed
Then account home page is opened............................................passed
When user opens trial balance page..........................................passed
And select from date as month "May" year "2017" and day "1" on trial balance page.passed
And select to date as month "May" year "2017" and day "30" on trial balance page.passed
And select ledger group "Bank" on trial balance page........................passed
And select account "Axis Bank ltd" on trial balance page....................failed
And click opening "with opening" on trial balance page......................skipped
And click "ledger wise" on trial balance page...............................skipped
Then click show to open trial balance page..................................skipped

StackTrace:
org.openqa.selenium.WebDriverException: unknown error: Element <button type="button" class="ui-multiselect ui-widget ui-state-default ui-corner-all" title="" aria-haspopup="true" tabindex="0" style="width: 200px;">...</button> is not clickable at point (189, 127). Other element would receive the click: <span>...</span>
  (Session info: chrome=60.0.3112.113)
  (Driver info: chromedriver=2.29.461591 (62ebf098771772160f391d75e589dc567915b233),platform=Windows NT 6.1.7601 SP1 x86_64) (WARNING: The server did not provide any stacktrace information)
Command duration or timeout: 46 milliseconds
Build info: version: '3.3.1', revision: '5234b325d5', time: '2017-03-10 09:10:29 +0000'
System info: host: 'DELL-PC', ip: '192.168.10.49', os.name: 'Windows 7', os.arch: 'amd64', os.version: '6.1', java.version: '1.8.0_121'
Driver info: org.openqa.selenium.chrome.ChromeDriver
Capabilities [{applicationCacheEnabled=false, rotatable=false, mobileEmulationEnabled=false, networkConnectionEnabled=false, chrome={chromedriverVersion=2.29.461591 (62ebf098771772160f391d75e589dc567915b233), userDataDir=C:\Users\dell\AppData\Local\Temp\scoped_dir5976_28634}, takesHeapSnapshot=true, pageLoadStrategy=normal, databaseEnabled=false, handlesAlerts=true, hasTouchScreen=false, version=60.0.3112.113, platform=XP, browserConnectionEnabled=false, nativeEvents=true, acceptSslCerts=true, locationContextEnabled=true, webStorageEnabled=true, browserName=chrome, takesScreenshot=true, javascriptEnabled=true, cssSelectorsEnabled=true, unexpectedAlertBehaviour=}]
Session ID: de8f41d47724b90ffb996bf752e770f0
	at sun.reflect.GeneratedConstructorAccessor27.newInstance(Unknown Source)
	at sun.reflect.DelegatingConstructorAccessorImpl.newInstance(DelegatingConstructorAccessorImpl.java:45)
	at java.lang.reflect.Constructor.newInstance(Constructor.java:423)
	at org.openqa.selenium.remote.ErrorHandler.createThrowable(ErrorHandler.java:216)
	at org.openqa.selenium.remote.ErrorHandler.throwIfResponseFailed(ErrorHandler.java:168)
	at org.openqa.selenium.remote.RemoteWebDriver.execute(RemoteWebDriver.java:638)
	at org.openqa.selenium.remote.RemoteWebElement.execute(RemoteWebElement.java:274)
	at org.openqa.selenium.remote.RemoteWebElement.click(RemoteWebElement.java:84)
	at pageObjects.TrialBalance.selectAccount(TrialBalance.java:59)
	at stepDef.MyStepDefs.select_account_on_trial_balance_page(MyStepDefs.java:626)
	at ✽.And select account "Axis Bank ltd" on trial balance page(feature/Reports.feature:414)
]]></failure>
</testcase>
<testcase classname="Account reports" name="To open trial balance only opening group wise" time="29.319513">
<failure message="org.openqa.selenium.WebDriverException: unknown error: Element &lt;button type=&quot;button&quot; class=&quot;ui-multiselect ui-widget ui-state-default ui-corner-all&quot; title=&quot;&quot; aria-haspopup=&quot;true&quot; tabindex=&quot;0&quot; style=&quot;width: 200px;&quot;&gt;...&lt;/button&gt; is not clickable at point (189, 127). Other element would receive the click: &lt;span&gt;...&lt;/span&gt;&#10;  (Session info: chrome=60.0.3112.113)&#10;  (Driver info: chromedriver=2.29.461591 (62ebf098771772160f391d75e589dc567915b233),platform=Windows NT 6.1.7601 SP1 x86_64) (WARNING: The server did not provide any stacktrace information)&#10;Command duration or timeout: 48 milliseconds&#10;Build info: version: '3.3.1', revision: '5234b325d5', time: '2017-03-10 09:10:29 +0000'&#10;System info: host: 'DELL-PC', ip: '192.168.10.49', os.name: 'Windows 7', os.arch: 'amd64', os.version: '6.1', java.version: '1.8.0_121'&#10;Driver info: org.openqa.selenium.chrome.ChromeDriver&#10;Capabilities [{applicationCacheEnabled=false, rotatable=false, mobileEmulationEnabled=false, networkConnectionEnabled=false, chrome={chromedriverVersion=2.29.461591 (62ebf098771772160f391d75e589dc567915b233), userDataDir=C:\Users\dell\AppData\Local\Temp\scoped_dir6428_22956}, takesHeapSnapshot=true, pageLoadStrategy=normal, databaseEnabled=false, handlesAlerts=true, hasTouchScreen=false, version=60.0.3112.113, platform=XP, browserConnectionEnabled=false, nativeEvents=true, acceptSslCerts=true, locationContextEnabled=true, webStorageEnabled=true, browserName=chrome, takesScreenshot=true, javascriptEnabled=true, cssSelectorsEnabled=true, unexpectedAlertBehaviour=}]&#10;Session ID: 619aa9f99302b619be749e01f808f74f&#13;&#10;&#9;at sun.reflect.GeneratedConstructorAccessor27.newInstance(Unknown Source)&#13;&#10;&#9;at sun.reflect.DelegatingConstructorAccessorImpl.newInstance(DelegatingConstructorAccessorImpl.java:45)&#13;&#10;&#9;at java.lang.reflect.Constructor.newInstance(Constructor.java:423)&#13;&#10;&#9;at org.openqa.selenium.remote.ErrorHandler.createThrowable(ErrorHandler.java:216)&#13;&#10;&#9;at org.openqa.selenium.remote.ErrorHandler.throwIfResponseFailed(ErrorHandler.java:168)&#13;&#10;&#9;at org.openqa.selenium.remote.RemoteWebDriver.execute(RemoteWebDriver.java:638)&#13;&#10;&#9;at org.openqa.selenium.remote.RemoteWebElement.execute(RemoteWebElement.java:274)&#13;&#10;&#9;at org.openqa.selenium.remote.RemoteWebElement.click(RemoteWebElement.java:84)&#13;&#10;&#9;at pageObjects.TrialBalance.selectAccount(TrialBalance.java:59)&#13;&#10;&#9;at stepDef.MyStepDefs.select_account_on_trial_balance_page(MyStepDefs.java:626)&#13;&#10;&#9;at ✽.And select account &quot;Axis Bank ltd&quot; on trial balance page(feature/Reports.feature:429)&#13;&#10;"><![CDATA[Given user enter "http://qaerp.franciscanecare.net".........................passed
When user enter username "admin" and password "Admin#franciscan"............passed
And passes school name "qaerp"..............................................passed
And click signin............................................................passed
Then account home page is opened............................................passed
When user opens trial balance page..........................................passed
And select from date as month "May" year "2017" and day "1" on trial balance page.passed
And select to date as month "May" year "2017" and day "30" on trial balance page.passed
And select ledger group "Bank" on trial balance page........................passed
And select account "Axis Bank ltd" on trial balance page....................failed
And click opening "only opening" on trial balance page......................skipped
And click "group wise" on trial balance page................................skipped
Then click show to open trial balance page..................................skipped

StackTrace:
org.openqa.selenium.WebDriverException: unknown error: Element <button type="button" class="ui-multiselect ui-widget ui-state-default ui-corner-all" title="" aria-haspopup="true" tabindex="0" style="width: 200px;">...</button> is not clickable at point (189, 127). Other element would receive the click: <span>...</span>
  (Session info: chrome=60.0.3112.113)
  (Driver info: chromedriver=2.29.461591 (62ebf098771772160f391d75e589dc567915b233),platform=Windows NT 6.1.7601 SP1 x86_64) (WARNING: The server did not provide any stacktrace information)
Command duration or timeout: 48 milliseconds
Build info: version: '3.3.1', revision: '5234b325d5', time: '2017-03-10 09:10:29 +0000'
System info: host: 'DELL-PC', ip: '192.168.10.49', os.name: 'Windows 7', os.arch: 'amd64', os.version: '6.1', java.version: '1.8.0_121'
Driver info: org.openqa.selenium.chrome.ChromeDriver
Capabilities [{applicationCacheEnabled=false, rotatable=false, mobileEmulationEnabled=false, networkConnectionEnabled=false, chrome={chromedriverVersion=2.29.461591 (62ebf098771772160f391d75e589dc567915b233), userDataDir=C:\Users\dell\AppData\Local\Temp\scoped_dir6428_22956}, takesHeapSnapshot=true, pageLoadStrategy=normal, databaseEnabled=false, handlesAlerts=true, hasTouchScreen=false, version=60.0.3112.113, platform=XP, browserConnectionEnabled=false, nativeEvents=true, acceptSslCerts=true, locationContextEnabled=true, webStorageEnabled=true, browserName=chrome, takesScreenshot=true, javascriptEnabled=true, cssSelectorsEnabled=true, unexpectedAlertBehaviour=}]
Session ID: 619aa9f99302b619be749e01f808f74f
	at sun.reflect.GeneratedConstructorAccessor27.newInstance(Unknown Source)
	at sun.reflect.DelegatingConstructorAccessorImpl.newInstance(DelegatingConstructorAccessorImpl.java:45)
	at java.lang.reflect.Constructor.newInstance(Constructor.java:423)
	at org.openqa.selenium.remote.ErrorHandler.createThrowable(ErrorHandler.java:216)
	at org.openqa.selenium.remote.ErrorHandler.throwIfResponseFailed(ErrorHandler.java:168)
	at org.openqa.selenium.remote.RemoteWebDriver.execute(RemoteWebDriver.java:638)
	at org.openqa.selenium.remote.RemoteWebElement.execute(RemoteWebElement.java:274)
	at org.openqa.selenium.remote.RemoteWebElement.click(RemoteWebElement.java:84)
	at pageObjects.TrialBalance.selectAccount(TrialBalance.java:59)
	at stepDef.MyStepDefs.select_account_on_trial_balance_page(MyStepDefs.java:626)
	at ✽.And select account "Axis Bank ltd" on trial balance page(feature/Reports.feature:429)
]]></failure>
</testcase>
<testcase classname="Account reports" name="To open trial balance only opening ledger wise" time="30.897986">
<failure message="org.openqa.selenium.WebDriverException: unknown error: Element &lt;button type=&quot;button&quot; class=&quot;ui-multiselect ui-widget ui-state-default ui-corner-all&quot; title=&quot;&quot; aria-haspopup=&quot;true&quot; tabindex=&quot;0&quot; style=&quot;width: 200px;&quot;&gt;...&lt;/button&gt; is not clickable at point (189, 127). Other element would receive the click: &lt;span&gt;...&lt;/span&gt;&#10;  (Session info: chrome=60.0.3112.113)&#10;  (Driver info: chromedriver=2.29.461591 (62ebf098771772160f391d75e589dc567915b233),platform=Windows NT 6.1.7601 SP1 x86_64) (WARNING: The server did not provide any stacktrace information)&#10;Command duration or timeout: 36 milliseconds&#10;Build info: version: '3.3.1', revision: '5234b325d5', time: '2017-03-10 09:10:29 +0000'&#10;System info: host: 'DELL-PC', ip: '192.168.10.49', os.name: 'Windows 7', os.arch: 'amd64', os.version: '6.1', java.version: '1.8.0_121'&#10;Driver info: org.openqa.selenium.chrome.ChromeDriver&#10;Capabilities [{applicationCacheEnabled=false, rotatable=false, mobileEmulationEnabled=false, networkConnectionEnabled=false, chrome={chromedriverVersion=2.29.461591 (62ebf098771772160f391d75e589dc567915b233), userDataDir=C:\Users\dell\AppData\Local\Temp\scoped_dir5936_25139}, takesHeapSnapshot=true, pageLoadStrategy=normal, databaseEnabled=false, handlesAlerts=true, hasTouchScreen=false, version=60.0.3112.113, platform=XP, browserConnectionEnabled=false, nativeEvents=true, acceptSslCerts=true, locationContextEnabled=true, webStorageEnabled=true, browserName=chrome, takesScreenshot=true, javascriptEnabled=true, cssSelectorsEnabled=true, unexpectedAlertBehaviour=}]&#10;Session ID: 0af2554dace0c4cf78ac86a5ad11268b&#13;&#10;&#9;at sun.reflect.GeneratedConstructorAccessor27.newInstance(Unknown Source)&#13;&#10;&#9;at sun.reflect.DelegatingConstructorAccessorImpl.newInstance(DelegatingConstructorAccessorImpl.java:45)&#13;&#10;&#9;at java.lang.reflect.Constructor.newInstance(Constructor.java:423)&#13;&#10;&#9;at org.openqa.selenium.remote.ErrorHandler.createThrowable(ErrorHandler.java:216)&#13;&#10;&#9;at org.openqa.selenium.remote.ErrorHandler.throwIfResponseFailed(ErrorHandler.java:168)&#13;&#10;&#9;at org.openqa.selenium.remote.RemoteWebDriver.execute(RemoteWebDriver.java:638)&#13;&#10;&#9;at org.openqa.selenium.remote.RemoteWebElement.execute(RemoteWebElement.java:274)&#13;&#10;&#9;at org.openqa.selenium.remote.RemoteWebElement.click(RemoteWebElement.java:84)&#13;&#10;&#9;at pageObjects.TrialBalance.selectAccount(TrialBalance.java:59)&#13;&#10;&#9;at stepDef.MyStepDefs.select_account_on_trial_balance_page(MyStepDefs.java:626)&#13;&#10;&#9;at ✽.And select account &quot;Axis Bank ltd&quot; on trial balance page(feature/Reports.feature:444)&#13;&#10;"><![CDATA[Given user enter "http://qaerp.franciscanecare.net".........................passed
When user enter username "admin" and password "Admin#franciscan"............passed
And passes school name "qaerp"..............................................passed
And click signin............................................................passed
Then account home page is opened............................................passed
When user opens trial balance page..........................................passed
And select from date as month "May" year "2017" and day "1" on trial balance page.passed
And select to date as month "May" year "2017" and day "30" on trial balance page.passed
And select ledger group "Bank" on trial balance page........................passed
And select account "Axis Bank ltd" on trial balance page....................failed
And click opening "only opening" on trial balance page......................skipped
And click "ledger wise" on trial balance page...............................skipped
Then click show to open trial balance page..................................skipped

StackTrace:
org.openqa.selenium.WebDriverException: unknown error: Element <button type="button" class="ui-multiselect ui-widget ui-state-default ui-corner-all" title="" aria-haspopup="true" tabindex="0" style="width: 200px;">...</button> is not clickable at point (189, 127). Other element would receive the click: <span>...</span>
  (Session info: chrome=60.0.3112.113)
  (Driver info: chromedriver=2.29.461591 (62ebf098771772160f391d75e589dc567915b233),platform=Windows NT 6.1.7601 SP1 x86_64) (WARNING: The server did not provide any stacktrace information)
Command duration or timeout: 36 milliseconds
Build info: version: '3.3.1', revision: '5234b325d5', time: '2017-03-10 09:10:29 +0000'
System info: host: 'DELL-PC', ip: '192.168.10.49', os.name: 'Windows 7', os.arch: 'amd64', os.version: '6.1', java.version: '1.8.0_121'
Driver info: org.openqa.selenium.chrome.ChromeDriver
Capabilities [{applicationCacheEnabled=false, rotatable=false, mobileEmulationEnabled=false, networkConnectionEnabled=false, chrome={chromedriverVersion=2.29.461591 (62ebf098771772160f391d75e589dc567915b233), userDataDir=C:\Users\dell\AppData\Local\Temp\scoped_dir5936_25139}, takesHeapSnapshot=true, pageLoadStrategy=normal, databaseEnabled=false, handlesAlerts=true, hasTouchScreen=false, version=60.0.3112.113, platform=XP, browserConnectionEnabled=false, nativeEvents=true, acceptSslCerts=true, locationContextEnabled=true, webStorageEnabled=true, browserName=chrome, takesScreenshot=true, javascriptEnabled=true, cssSelectorsEnabled=true, unexpectedAlertBehaviour=}]
Session ID: 0af2554dace0c4cf78ac86a5ad11268b
	at sun.reflect.GeneratedConstructorAccessor27.newInstance(Unknown Source)
	at sun.reflect.DelegatingConstructorAccessorImpl.newInstance(DelegatingConstructorAccessorImpl.java:45)
	at java.lang.reflect.Constructor.newInstance(Constructor.java:423)
	at org.openqa.selenium.remote.ErrorHandler.createThrowable(ErrorHandler.java:216)
	at org.openqa.selenium.remote.ErrorHandler.throwIfResponseFailed(ErrorHandler.java:168)
	at org.openqa.selenium.remote.RemoteWebDriver.execute(RemoteWebDriver.java:638)
	at org.openqa.selenium.remote.RemoteWebElement.execute(RemoteWebElement.java:274)
	at org.openqa.selenium.remote.RemoteWebElement.click(RemoteWebElement.java:84)
	at pageObjects.TrialBalance.selectAccount(TrialBalance.java:59)
	at stepDef.MyStepDefs.select_account_on_trial_balance_page(MyStepDefs.java:626)
	at ✽.And select account "Axis Bank ltd" on trial balance page(feature/Reports.feature:444)
]]></failure>
</testcase>
</testsuite>
